2018-02-02 19:26:36,855 [http-bio-8081-exec-9] [com.taotao.mapper.TbItemCatMapper.selectByExample]-[DEBUG] ==> Parameters: 51(Long)
2018-02-02 19:26:36,856 [http-bio-8081-exec-9] [com.taotao.mapper.TbItemCatMapper.selectByExample]-[DEBUG] <==      Total: 7
2018-02-02 19:26:36,856 [http-bio-8081-exec-9] [org.mybatis.spring.SqlSessionUtils]-[DEBUG] Releasing transactional SqlSession [org.apache.ibatis.session.defaults.DefaultSqlSession@2299bec4]
2018-02-02 19:26:36,856 [http-bio-8081-exec-9] [org.mybatis.spring.SqlSessionUtils]-[DEBUG] Fetched SqlSession [org.apache.ibatis.session.defaults.DefaultSqlSession@2299bec4] from current transaction
2018-02-02 19:26:36,857 [http-bio-8081-exec-9] [com.taotao.mapper.TbItemCatMapper.selectByExample]-[DEBUG] ==>  Preparing: select id, parent_id, name, status, sort_order, is_parent, created, updated from tb_item_cat WHERE ( parent_id = ? ) 
2018-02-02 19:26:36,857 [http-bio-8081-exec-9] [com.taotao.mapper.TbItemCatMapper.selectByExample]-[DEBUG] ==> Parameters: 59(Long)
2018-02-02 19:26:36,858 [http-bio-8081-exec-9] [com.taotao.mapper.TbItemCatMapper.selectByExample]-[DEBUG] <==      Total: 5
2018-02-02 19:26:36,858 [http-bio-8081-exec-9] [org.mybatis.spring.SqlSessionUtils]-[DEBUG] Releasing transactional SqlSession [org.apache.ibatis.session.defaults.DefaultSqlSession@2299bec4]
2018-02-02 19:26:36,859 [http-bio-8081-exec-9] [org.mybatis.spring.SqlSessionUtils]-[DEBUG] Fetched SqlSession [org.apache.ibatis.session.defaults.DefaultSqlSession@2299bec4] from current transaction
2018-02-02 19:26:36,859 [http-bio-8081-exec-9] [com.taotao.mapper.TbItemCatMapper.selectByExample]-[DEBUG] ==>  Preparing: select id, parent_id, name, status, sort_order, is_parent, created, updated from tb_item_cat WHERE ( parent_id = ? ) 
2018-02-02 19:26:36,859 [http-bio-8081-exec-9] [com.taotao.mapper.TbItemCatMapper.selectByExample]-[DEBUG] ==> Parameters: 65(Long)
2018-02-02 19:26:36,861 [http-bio-8081-exec-9] [com.taotao.mapper.TbItemCatMapper.selectByExample]-[DEBUG] <==      Total: 4
2018-02-02 19:26:36,861 [http-bio-8081-exec-9] [org.mybatis.spring.SqlSessionUtils]-[DEBUG] Releasing transactional SqlSession [org.apache.ibatis.session.defaults.DefaultSqlSession@2299bec4]
2018-02-02 19:26:36,861 [http-bio-8081-exec-9] [org.mybatis.spring.SqlSessionUtils]-[DEBUG] Fetched SqlSession [org.apache.ibatis.session.defaults.DefaultSqlSession@2299bec4] from current transaction
2018-02-02 19:26:36,861 [http-bio-8081-exec-9] [com.taotao.mapper.TbItemCatMapper.selectByExample]-[DEBUG] ==>  Preparing: select id, parent_id, name, status, sort_order, is_parent, created, updated from tb_item_cat WHERE ( parent_id = ? ) 
2018-02-02 19:26:36,862 [http-bio-8081-exec-9] [com.taotao.mapper.TbItemCatMapper.selectByExample]-[DEBUG] ==> Parameters: 70(Long)
2018-02-02 19:26:36,863 [http-bio-8081-exec-9] [com.taotao.mapper.TbItemCatMapper.selectByExample]-[DEBUG] <==      Total: 3
2018-02-02 19:26:36,863 [http-bio-8081-exec-9] [org.mybatis.spring.SqlSessionUtils]-[DEBUG] Releasing transactional SqlSession [org.apache.ibatis.session.defaults.DefaultSqlSession@2299bec4]
2018-02-02 19:26:36,863 [http-bio-8081-exec-9] [org.mybatis.spring.SqlSessionUtils]-[DEBUG] Fetched SqlSession [org.apache.ibatis.session.defaults.DefaultSqlSession@2299bec4] from current transaction
2018-02-02 19:26:36,864 [http-bio-8081-exec-9] [com.taotao.mapper.TbItemCatMapper.selectByExample]-[DEBUG] ==>  Preparing: select id, parent_id, name, status, sort_order, is_parent, created, updated from tb_item_cat WHERE ( parent_id = ? ) 
2018-02-02 19:26:36,864 [http-bio-8081-exec-9] [com.taotao.mapper.TbItemCatMapper.selectByExample]-[DEBUG] ==> Parameters: 74(Long)
2018-02-02 19:26:36,865 [http-bio-8081-exec-9] [com.taotao.mapper.TbItemCatMapper.selectByExample]-[DEBUG] <==      Total: 5
2018-02-02 19:26:36,866 [http-bio-8081-exec-9] [org.mybatis.spring.SqlSessionUtils]-[DEBUG] Releasing transactional SqlSession [org.apache.ibatis.session.defaults.DefaultSqlSession@2299bec4]
2018-02-02 19:26:36,866 [http-bio-8081-exec-9] [org.mybatis.spring.SqlSessionUtils]-[DEBUG] Fetched SqlSession [org.apache.ibatis.session.defaults.DefaultSqlSession@2299bec4] from current transaction
2018-02-02 19:26:36,866 [http-bio-8081-exec-9] [com.taotao.mapper.TbItemCatMapper.selectByExample]-[DEBUG] ==>  Preparing: select id, parent_id, name, status, sort_order, is_parent, created, updated from tb_item_cat WHERE ( parent_id = ? ) 
2018-02-02 19:26:36,867 [http-bio-8081-exec-9] [com.taotao.mapper.TbItemCatMapper.selectByExample]-[DEBUG] ==> Parameters: 75(Long)
2018-02-02 19:26:36,868 [http-bio-8081-exec-9] [com.taotao.mapper.TbItemCatMapper.selectByExample]-[DEBUG] <==      Total: 13
2018-02-02 19:26:36,868 [http-bio-8081-exec-9] [org.mybatis.spring.SqlSessionUtils]-[DEBUG] Releasing transactional SqlSession [org.apache.ibatis.session.defaults.DefaultSqlSession@2299bec4]
2018-02-02 19:26:36,869 [http-bio-8081-exec-9] [org.mybatis.spring.SqlSessionUtils]-[DEBUG] Fetched SqlSession [org.apache.ibatis.session.defaults.DefaultSqlSession@2299bec4] from current transaction
2018-02-02 19:26:36,869 [http-bio-8081-exec-9] [com.taotao.mapper.TbItemCatMapper.selectByExample]-[DEBUG] ==>  Preparing: select id, parent_id, name, status, sort_order, is_parent, created, updated from tb_item_cat WHERE ( parent_id = ? ) 
2018-02-02 19:26:36,869 [http-bio-8081-exec-9] [com.taotao.mapper.TbItemCatMapper.selectByExample]-[DEBUG] ==> Parameters: 89(Long)
2018-02-02 19:26:36,871 [http-bio-8081-exec-9] [com.taotao.mapper.TbItemCatMapper.selectByExample]-[DEBUG] <==      Total: 18
2018-02-02 19:26:36,871 [http-bio-8081-exec-9] [org.mybatis.spring.SqlSessionUtils]-[DEBUG] Releasing transactional SqlSession [org.apache.ibatis.session.defaults.DefaultSqlSession@2299bec4]
2018-02-02 19:26:36,871 [http-bio-8081-exec-9] [org.mybatis.spring.SqlSessionUtils]-[DEBUG] Fetched SqlSession [org.apache.ibatis.session.defaults.DefaultSqlSession@2299bec4] from current transaction
2018-02-02 19:26:36,872 [http-bio-8081-exec-9] [com.taotao.mapper.TbItemCatMapper.selectByExample]-[DEBUG] ==>  Preparing: select id, parent_id, name, status, sort_order, is_parent, created, updated from tb_item_cat WHERE ( parent_id = ? ) 
2018-02-02 19:26:36,872 [http-bio-8081-exec-9] [com.taotao.mapper.TbItemCatMapper.selectByExample]-[DEBUG] ==> Parameters: 108(Long)
2018-02-02 19:26:36,874 [http-bio-8081-exec-9] [com.taotao.mapper.TbItemCatMapper.selectByExample]-[DEBUG] <==      Total: 17
2018-02-02 19:26:36,874 [http-bio-8081-exec-9] [org.mybatis.spring.SqlSessionUtils]-[DEBUG] Releasing transactional SqlSession [org.apache.ibatis.session.defaults.DefaultSqlSession@2299bec4]
2018-02-02 19:26:36,875 [http-bio-8081-exec-9] [org.mybatis.spring.SqlSessionUtils]-[DEBUG] Fetched SqlSession [org.apache.ibatis.session.defaults.DefaultSqlSession@2299bec4] from current transaction
2018-02-02 19:26:36,878 [http-bio-8081-exec-9] [com.taotao.mapper.TbItemCatMapper.selectByExample]-[DEBUG] ==>  Preparing: select id, parent_id, name, status, sort_order, is_parent, created, updated from tb_item_cat WHERE ( parent_id = ? ) 
2018-02-02 19:26:36,882 [http-bio-8081-exec-9] [com.taotao.mapper.TbItemCatMapper.selectByExample]-[DEBUG] ==> Parameters: 126(Long)
2018-02-02 19:26:36,884 [http-bio-8081-exec-9] [com.taotao.mapper.TbItemCatMapper.selectByExample]-[DEBUG] <==      Total: 15
2018-02-02 19:26:36,884 [http-bio-8081-exec-9] [org.mybatis.spring.SqlSessionUtils]-[DEBUG] Releasing transactional SqlSession [org.apache.ibatis.session.defaults.DefaultSqlSession@2299bec4]
2018-02-02 19:26:36,884 [http-bio-8081-exec-9] [org.mybatis.spring.SqlSessionUtils]-[DEBUG] Fetched SqlSession [org.apache.ibatis.session.defaults.DefaultSqlSession@2299bec4] from current transaction
2018-02-02 19:26:36,885 [http-bio-8081-exec-9] [com.taotao.mapper.TbItemCatMapper.selectByExample]-[DEBUG] ==>  Preparing: select id, parent_id, name, status, sort_order, is_parent, created, updated from tb_item_cat WHERE ( parent_id = ? ) 
2018-02-02 19:26:36,885 [http-bio-8081-exec-9] [com.taotao.mapper.TbItemCatMapper.selectByExample]-[DEBUG] ==> Parameters: 142(Long)
2018-02-02 19:26:36,886 [http-bio-8081-exec-9] [com.taotao.mapper.TbItemCatMapper.selectByExample]-[DEBUG] <==      Total: 18
2018-02-02 19:26:36,887 [http-bio-8081-exec-9] [org.mybatis.spring.SqlSessionUtils]-[DEBUG] Releasing transactional SqlSession [org.apache.ibatis.session.defaults.DefaultSqlSession@2299bec4]
2018-02-02 19:26:36,887 [http-bio-8081-exec-9] [org.mybatis.spring.SqlSessionUtils]-[DEBUG] Fetched SqlSession [org.apache.ibatis.session.defaults.DefaultSqlSession@2299bec4] from current transaction
2018-02-02 19:26:36,888 [http-bio-8081-exec-9] [com.taotao.mapper.TbItemCatMapper.selectByExample]-[DEBUG] ==>  Preparing: select id, parent_id, name, status, sort_order, is_parent, created, updated from tb_item_cat WHERE ( parent_id = ? ) 
2018-02-02 19:26:36,888 [http-bio-8081-exec-9] [com.taotao.mapper.TbItemCatMapper.selectByExample]-[DEBUG] ==> Parameters: 161(Long)
2018-02-02 19:26:36,891 [http-bio-8081-exec-9] [com.taotao.mapper.TbItemCatMapper.selectByExample]-[DEBUG] <==      Total: 7
2018-02-02 19:26:36,893 [http-bio-8081-exec-9] [org.mybatis.spring.SqlSessionUtils]-[DEBUG] Releasing transactional SqlSession [org.apache.ibatis.session.defaults.DefaultSqlSession@2299bec4]
2018-02-02 19:26:36,893 [http-bio-8081-exec-9] [org.mybatis.spring.SqlSessionUtils]-[DEBUG] Fetched SqlSession [org.apache.ibatis.session.defaults.DefaultSqlSession@2299bec4] from current transaction
2018-02-02 19:26:36,898 [http-bio-8081-exec-9] [com.taotao.mapper.TbItemCatMapper.selectByExample]-[DEBUG] ==>  Preparing: select id, parent_id, name, status, sort_order, is_parent, created, updated from tb_item_cat WHERE ( parent_id = ? ) 
2018-02-02 19:26:36,898 [http-bio-8081-exec-9] [com.taotao.mapper.TbItemCatMapper.selectByExample]-[DEBUG] ==> Parameters: 162(Long)
2018-02-02 19:26:36,899 [http-bio-8081-exec-9] [com.taotao.mapper.TbItemCatMapper.selectByExample]-[DEBUG] <==      Total: 8
2018-02-02 19:26:36,900 [http-bio-8081-exec-9] [org.mybatis.spring.SqlSessionUtils]-[DEBUG] Releasing transactional SqlSession [org.apache.ibatis.session.defaults.DefaultSqlSession@2299bec4]
2018-02-02 19:26:36,900 [http-bio-8081-exec-9] [org.mybatis.spring.SqlSessionUtils]-[DEBUG] Fetched SqlSession [org.apache.ibatis.session.defaults.DefaultSqlSession@2299bec4] from current transaction
2018-02-02 19:26:36,900 [http-bio-8081-exec-9] [com.taotao.mapper.TbItemCatMapper.selectByExample]-[DEBUG] ==>  Preparing: select id, parent_id, name, status, sort_order, is_parent, created, updated from tb_item_cat WHERE ( parent_id = ? ) 
2018-02-02 19:26:36,900 [http-bio-8081-exec-9] [com.taotao.mapper.TbItemCatMapper.selectByExample]-[DEBUG] ==> Parameters: 171(Long)
2018-02-02 19:26:36,902 [http-bio-8081-exec-9] [com.taotao.mapper.TbItemCatMapper.selectByExample]-[DEBUG] <==      Total: 14
2018-02-02 19:26:36,902 [http-bio-8081-exec-9] [org.mybatis.spring.SqlSessionUtils]-[DEBUG] Releasing transactional SqlSession [org.apache.ibatis.session.defaults.DefaultSqlSession@2299bec4]
2018-02-02 19:26:36,902 [http-bio-8081-exec-9] [org.mybatis.spring.SqlSessionUtils]-[DEBUG] Fetched SqlSession [org.apache.ibatis.session.defaults.DefaultSqlSession@2299bec4] from current transaction
2018-02-02 19:26:36,902 [http-bio-8081-exec-9] [com.taotao.mapper.TbItemCatMapper.selectByExample]-[DEBUG] ==>  Preparing: select id, parent_id, name, status, sort_order, is_parent, created, updated from tb_item_cat WHERE ( parent_id = ? ) 
2018-02-02 19:26:36,903 [http-bio-8081-exec-9] [com.taotao.mapper.TbItemCatMapper.selectByExample]-[DEBUG] ==> Parameters: 186(Long)
2018-02-02 19:26:36,904 [http-bio-8081-exec-9] [com.taotao.mapper.TbItemCatMapper.selectByExample]-[DEBUG] <==      Total: 15
2018-02-02 19:26:36,904 [http-bio-8081-exec-9] [org.mybatis.spring.SqlSessionUtils]-[DEBUG] Releasing transactional SqlSession [org.apache.ibatis.session.defaults.DefaultSqlSession@2299bec4]
2018-02-02 19:26:36,904 [http-bio-8081-exec-9] [org.mybatis.spring.SqlSessionUtils]-[DEBUG] Fetched SqlSession [org.apache.ibatis.session.defaults.DefaultSqlSession@2299bec4] from current transaction
2018-02-02 19:26:36,905 [http-bio-8081-exec-9] [com.taotao.mapper.TbItemCatMapper.selectByExample]-[DEBUG] ==>  Preparing: select id, parent_id, name, status, sort_order, is_parent, created, updated from tb_item_cat WHERE ( parent_id = ? ) 
2018-02-02 19:26:36,905 [http-bio-8081-exec-9] [com.taotao.mapper.TbItemCatMapper.selectByExample]-[DEBUG] ==> Parameters: 202(Long)
2018-02-02 19:26:36,906 [http-bio-8081-exec-9] [com.taotao.mapper.TbItemCatMapper.selectByExample]-[DEBUG] <==      Total: 7
2018-02-02 19:26:36,906 [http-bio-8081-exec-9] [org.mybatis.spring.SqlSessionUtils]-[DEBUG] Releasing transactional SqlSession [org.apache.ibatis.session.defaults.DefaultSqlSession@2299bec4]
2018-02-02 19:26:36,906 [http-bio-8081-exec-9] [org.mybatis.spring.SqlSessionUtils]-[DEBUG] Fetched SqlSession [org.apache.ibatis.session.defaults.DefaultSqlSession@2299bec4] from current transaction
2018-02-02 19:26:36,907 [http-bio-8081-exec-9] [com.taotao.mapper.TbItemCatMapper.selectByExample]-[DEBUG] ==>  Preparing: select id, parent_id, name, status, sort_order, is_parent, created, updated from tb_item_cat WHERE ( parent_id = ? ) 
2018-02-02 19:26:36,907 [http-bio-8081-exec-9] [com.taotao.mapper.TbItemCatMapper.selectByExample]-[DEBUG] ==> Parameters: 210(Long)
2018-02-02 19:26:36,911 [http-bio-8081-exec-9] [com.taotao.mapper.TbItemCatMapper.selectByExample]-[DEBUG] <==      Total: 18
2018-02-02 19:26:36,912 [http-bio-8081-exec-9] [org.mybatis.spring.SqlSessionUtils]-[DEBUG] Releasing transactional SqlSession [org.apache.ibatis.session.defaults.DefaultSqlSession@2299bec4]
2018-02-02 19:26:36,912 [http-bio-8081-exec-9] [org.mybatis.spring.SqlSessionUtils]-[DEBUG] Fetched SqlSession [org.apache.ibatis.session.defaults.DefaultSqlSession@2299bec4] from current transaction
2018-02-02 19:26:36,913 [http-bio-8081-exec-9] [com.taotao.mapper.TbItemCatMapper.selectByExample]-[DEBUG] ==>  Preparing: select id, parent_id, name, status, sort_order, is_parent, created, updated from tb_item_cat WHERE ( parent_id = ? ) 
2018-02-02 19:26:36,913 [http-bio-8081-exec-9] [com.taotao.mapper.TbItemCatMapper.selectByExample]-[DEBUG] ==> Parameters: 229(Long)
2018-02-02 19:26:36,915 [http-bio-8081-exec-9] [com.taotao.mapper.TbItemCatMapper.selectByExample]-[DEBUG] <==      Total: 14
2018-02-02 19:26:36,915 [http-bio-8081-exec-9] [org.mybatis.spring.SqlSessionUtils]-[DEBUG] Releasing transactional SqlSession [org.apache.ibatis.session.defaults.DefaultSqlSession@2299bec4]
2018-02-02 19:26:36,915 [http-bio-8081-exec-9] [org.mybatis.spring.SqlSessionUtils]-[DEBUG] Fetched SqlSession [org.apache.ibatis.session.defaults.DefaultSqlSession@2299bec4] from current transaction
2018-02-02 19:26:36,915 [http-bio-8081-exec-9] [com.taotao.mapper.TbItemCatMapper.selectByExample]-[DEBUG] ==>  Preparing: select id, parent_id, name, status, sort_order, is_parent, created, updated from tb_item_cat WHERE ( parent_id = ? ) 
2018-02-02 19:26:36,916 [http-bio-8081-exec-9] [com.taotao.mapper.TbItemCatMapper.selectByExample]-[DEBUG] ==> Parameters: 244(Long)
2018-02-02 19:26:36,916 [http-bio-8081-exec-9] [com.taotao.mapper.TbItemCatMapper.selectByExample]-[DEBUG] <==      Total: 4
2018-02-02 19:26:36,917 [http-bio-8081-exec-9] [org.mybatis.spring.SqlSessionUtils]-[DEBUG] Releasing transactional SqlSession [org.apache.ibatis.session.defaults.DefaultSqlSession@2299bec4]
2018-02-02 19:26:36,917 [http-bio-8081-exec-9] [org.mybatis.spring.SqlSessionUtils]-[DEBUG] Fetched SqlSession [org.apache.ibatis.session.defaults.DefaultSqlSession@2299bec4] from current transaction
2018-02-02 19:26:36,917 [http-bio-8081-exec-9] [com.taotao.mapper.TbItemCatMapper.selectByExample]-[DEBUG] ==>  Preparing: select id, parent_id, name, status, sort_order, is_parent, created, updated from tb_item_cat WHERE ( parent_id = ? ) 
2018-02-02 19:26:36,917 [http-bio-8081-exec-9] [com.taotao.mapper.TbItemCatMapper.selectByExample]-[DEBUG] ==> Parameters: 249(Long)
2018-02-02 19:26:36,918 [http-bio-8081-exec-9] [com.taotao.mapper.TbItemCatMapper.selectByExample]-[DEBUG] <==      Total: 6
2018-02-02 19:26:36,919 [http-bio-8081-exec-9] [org.mybatis.spring.SqlSessionUtils]-[DEBUG] Releasing transactional SqlSession [org.apache.ibatis.session.defaults.DefaultSqlSession@2299bec4]
2018-02-02 19:26:36,919 [http-bio-8081-exec-9] [org.mybatis.spring.SqlSessionUtils]-[DEBUG] Fetched SqlSession [org.apache.ibatis.session.defaults.DefaultSqlSession@2299bec4] from current transaction
2018-02-02 19:26:36,919 [http-bio-8081-exec-9] [com.taotao.mapper.TbItemCatMapper.selectByExample]-[DEBUG] ==>  Preparing: select id, parent_id, name, status, sort_order, is_parent, created, updated from tb_item_cat WHERE ( parent_id = ? ) 
2018-02-02 19:26:36,919 [http-bio-8081-exec-9] [com.taotao.mapper.TbItemCatMapper.selectByExample]-[DEBUG] ==> Parameters: 250(Long)
2018-02-02 19:26:36,920 [http-bio-8081-exec-9] [com.taotao.mapper.TbItemCatMapper.selectByExample]-[DEBUG] <==      Total: 5
2018-02-02 19:26:36,920 [http-bio-8081-exec-9] [org.mybatis.spring.SqlSessionUtils]-[DEBUG] Releasing transactional SqlSession [org.apache.ibatis.session.defaults.DefaultSqlSession@2299bec4]
2018-02-02 19:26:36,921 [http-bio-8081-exec-9] [org.mybatis.spring.SqlSessionUtils]-[DEBUG] Fetched SqlSession [org.apache.ibatis.session.defaults.DefaultSqlSession@2299bec4] from current transaction
2018-02-02 19:26:36,921 [http-bio-8081-exec-9] [com.taotao.mapper.TbItemCatMapper.selectByExample]-[DEBUG] ==>  Preparing: select id, parent_id, name, status, sort_order, is_parent, created, updated from tb_item_cat WHERE ( parent_id = ? ) 
2018-02-02 19:26:36,921 [http-bio-8081-exec-9] [com.taotao.mapper.TbItemCatMapper.selectByExample]-[DEBUG] ==> Parameters: 256(Long)
2018-02-02 19:26:36,923 [http-bio-8081-exec-9] [com.taotao.mapper.TbItemCatMapper.selectByExample]-[DEBUG] <==      Total: 7
2018-02-02 19:26:36,923 [http-bio-8081-exec-9] [org.mybatis.spring.SqlSessionUtils]-[DEBUG] Releasing transactional SqlSession [org.apache.ibatis.session.defaults.DefaultSqlSession@2299bec4]
2018-02-02 19:26:36,923 [http-bio-8081-exec-9] [org.mybatis.spring.SqlSessionUtils]-[DEBUG] Fetched SqlSession [org.apache.ibatis.session.defaults.DefaultSqlSession@2299bec4] from current transaction
2018-02-02 19:26:36,924 [http-bio-8081-exec-9] [com.taotao.mapper.TbItemCatMapper.selectByExample]-[DEBUG] ==>  Preparing: select id, parent_id, name, status, sort_order, is_parent, created, updated from tb_item_cat WHERE ( parent_id = ? ) 
2018-02-02 19:26:36,924 [http-bio-8081-exec-9] [com.taotao.mapper.TbItemCatMapper.selectByExample]-[DEBUG] ==> Parameters: 264(Long)
2018-02-02 19:26:36,929 [http-bio-8081-exec-9] [com.taotao.mapper.TbItemCatMapper.selectByExample]-[DEBUG] <==      Total: 4
2018-02-02 19:26:36,929 [http-bio-8081-exec-9] [org.mybatis.spring.SqlSessionUtils]-[DEBUG] Releasing transactional SqlSession [org.apache.ibatis.session.defaults.DefaultSqlSession@2299bec4]
2018-02-02 19:26:36,929 [http-bio-8081-exec-9] [org.mybatis.spring.SqlSessionUtils]-[DEBUG] Fetched SqlSession [org.apache.ibatis.session.defaults.DefaultSqlSession@2299bec4] from current transaction
2018-02-02 19:26:36,930 [http-bio-8081-exec-9] [com.taotao.mapper.TbItemCatMapper.selectByExample]-[DEBUG] ==>  Preparing: select id, parent_id, name, status, sort_order, is_parent, created, updated from tb_item_cat WHERE ( parent_id = ? ) 
2018-02-02 19:26:36,930 [http-bio-8081-exec-9] [com.taotao.mapper.TbItemCatMapper.selectByExample]-[DEBUG] ==> Parameters: 269(Long)
2018-02-02 19:26:36,932 [http-bio-8081-exec-9] [com.taotao.mapper.TbItemCatMapper.selectByExample]-[DEBUG] <==      Total: 4
2018-02-02 19:26:36,932 [http-bio-8081-exec-9] [org.mybatis.spring.SqlSessionUtils]-[DEBUG] Releasing transactional SqlSession [org.apache.ibatis.session.defaults.DefaultSqlSession@2299bec4]
2018-02-02 19:26:36,932 [http-bio-8081-exec-9] [org.mybatis.spring.SqlSessionUtils]-[DEBUG] Fetched SqlSession [org.apache.ibatis.session.defaults.DefaultSqlSession@2299bec4] from current transaction
2018-02-02 19:26:36,933 [http-bio-8081-exec-9] [com.taotao.mapper.TbItemCatMapper.selectByExample]-[DEBUG] ==>  Preparing: select id, parent_id, name, status, sort_order, is_parent, created, updated from tb_item_cat WHERE ( parent_id = ? ) 
2018-02-02 19:26:36,933 [http-bio-8081-exec-9] [com.taotao.mapper.TbItemCatMapper.selectByExample]-[DEBUG] ==> Parameters: 274(Long)
2018-02-02 19:26:36,934 [http-bio-8081-exec-9] [com.taotao.mapper.TbItemCatMapper.selectByExample]-[DEBUG] <==      Total: 6
2018-02-02 19:26:36,935 [http-bio-8081-exec-9] [org.mybatis.spring.SqlSessionUtils]-[DEBUG] Releasing transactional SqlSession [org.apache.ibatis.session.defaults.DefaultSqlSession@2299bec4]
2018-02-02 19:26:36,935 [http-bio-8081-exec-9] [org.mybatis.spring.SqlSessionUtils]-[DEBUG] Fetched SqlSession [org.apache.ibatis.session.defaults.DefaultSqlSession@2299bec4] from current transaction
2018-02-02 19:26:36,935 [http-bio-8081-exec-9] [com.taotao.mapper.TbItemCatMapper.selectByExample]-[DEBUG] ==>  Preparing: select id, parent_id, name, status, sort_order, is_parent, created, updated from tb_item_cat WHERE ( parent_id = ? ) 
2018-02-02 19:26:36,935 [http-bio-8081-exec-9] [com.taotao.mapper.TbItemCatMapper.selectByExample]-[DEBUG] ==> Parameters: 281(Long)
2018-02-02 19:26:36,936 [http-bio-8081-exec-9] [com.taotao.mapper.TbItemCatMapper.selectByExample]-[DEBUG] <==      Total: 8
2018-02-02 19:26:36,937 [http-bio-8081-exec-9] [org.mybatis.spring.SqlSessionUtils]-[DEBUG] Releasing transactional SqlSession [org.apache.ibatis.session.defaults.DefaultSqlSession@2299bec4]
2018-02-02 19:26:36,937 [http-bio-8081-exec-9] [org.mybatis.spring.SqlSessionUtils]-[DEBUG] Fetched SqlSession [org.apache.ibatis.session.defaults.DefaultSqlSession@2299bec4] from current transaction
2018-02-02 19:26:36,937 [http-bio-8081-exec-9] [com.taotao.mapper.TbItemCatMapper.selectByExample]-[DEBUG] ==>  Preparing: select id, parent_id, name, status, sort_order, is_parent, created, updated from tb_item_cat WHERE ( parent_id = ? ) 
2018-02-02 19:26:36,937 [http-bio-8081-exec-9] [com.taotao.mapper.TbItemCatMapper.selectByExample]-[DEBUG] ==> Parameters: 290(Long)
2018-02-02 19:26:36,938 [http-bio-8081-exec-9] [com.taotao.mapper.TbItemCatMapper.selectByExample]-[DEBUG] <==      Total: 1
2018-02-02 19:26:36,939 [http-bio-8081-exec-9] [org.mybatis.spring.SqlSessionUtils]-[DEBUG] Releasing transactional SqlSession [org.apache.ibatis.session.defaults.DefaultSqlSession@2299bec4]
2018-02-02 19:26:36,939 [http-bio-8081-exec-9] [org.mybatis.spring.SqlSessionUtils]-[DEBUG] Fetched SqlSession [org.apache.ibatis.session.defaults.DefaultSqlSession@2299bec4] from current transaction
2018-02-02 19:26:36,939 [http-bio-8081-exec-9] [com.taotao.mapper.TbItemCatMapper.selectByExample]-[DEBUG] ==>  Preparing: select id, parent_id, name, status, sort_order, is_parent, created, updated from tb_item_cat WHERE ( parent_id = ? ) 
2018-02-02 19:26:36,940 [http-bio-8081-exec-9] [com.taotao.mapper.TbItemCatMapper.selectByExample]-[DEBUG] ==> Parameters: 291(Long)
2018-02-02 19:26:36,943 [http-bio-8081-exec-9] [com.taotao.mapper.TbItemCatMapper.selectByExample]-[DEBUG] <==      Total: 4
2018-02-02 19:26:36,943 [http-bio-8081-exec-9] [org.mybatis.spring.SqlSessionUtils]-[DEBUG] Releasing transactional SqlSession [org.apache.ibatis.session.defaults.DefaultSqlSession@2299bec4]
2018-02-02 19:26:36,943 [http-bio-8081-exec-9] [org.mybatis.spring.SqlSessionUtils]-[DEBUG] Fetched SqlSession [org.apache.ibatis.session.defaults.DefaultSqlSession@2299bec4] from current transaction
2018-02-02 19:26:36,944 [http-bio-8081-exec-9] [com.taotao.mapper.TbItemCatMapper.selectByExample]-[DEBUG] ==>  Preparing: select id, parent_id, name, status, sort_order, is_parent, created, updated from tb_item_cat WHERE ( parent_id = ? ) 
2018-02-02 19:26:36,944 [http-bio-8081-exec-9] [com.taotao.mapper.TbItemCatMapper.selectByExample]-[DEBUG] ==> Parameters: 296(Long)
2018-02-02 19:26:36,946 [http-bio-8081-exec-9] [com.taotao.mapper.TbItemCatMapper.selectByExample]-[DEBUG] <==      Total: 10
2018-02-02 19:26:36,946 [http-bio-8081-exec-9] [org.mybatis.spring.SqlSessionUtils]-[DEBUG] Releasing transactional SqlSession [org.apache.ibatis.session.defaults.DefaultSqlSession@2299bec4]
2018-02-02 19:26:36,946 [http-bio-8081-exec-9] [org.mybatis.spring.SqlSessionUtils]-[DEBUG] Fetched SqlSession [org.apache.ibatis.session.defaults.DefaultSqlSession@2299bec4] from current transaction
2018-02-02 19:26:36,946 [http-bio-8081-exec-9] [com.taotao.mapper.TbItemCatMapper.selectByExample]-[DEBUG] ==>  Preparing: select id, parent_id, name, status, sort_order, is_parent, created, updated from tb_item_cat WHERE ( parent_id = ? ) 
2018-02-02 19:26:36,947 [http-bio-8081-exec-9] [com.taotao.mapper.TbItemCatMapper.selectByExample]-[DEBUG] ==> Parameters: 297(Long)
2018-02-02 19:26:36,947 [http-bio-8081-exec-9] [com.taotao.mapper.TbItemCatMapper.selectByExample]-[DEBUG] <==      Total: 2
2018-02-02 19:26:36,948 [http-bio-8081-exec-9] [org.mybatis.spring.SqlSessionUtils]-[DEBUG] Releasing transactional SqlSession [org.apache.ibatis.session.defaults.DefaultSqlSession@2299bec4]
2018-02-02 19:26:36,948 [http-bio-8081-exec-9] [org.mybatis.spring.SqlSessionUtils]-[DEBUG] Fetched SqlSession [org.apache.ibatis.session.defaults.DefaultSqlSession@2299bec4] from current transaction
2018-02-02 19:26:36,948 [http-bio-8081-exec-9] [com.taotao.mapper.TbItemCatMapper.selectByExample]-[DEBUG] ==>  Preparing: select id, parent_id, name, status, sort_order, is_parent, created, updated from tb_item_cat WHERE ( parent_id = ? ) 
2018-02-02 19:26:36,949 [http-bio-8081-exec-9] [com.taotao.mapper.TbItemCatMapper.selectByExample]-[DEBUG] ==> Parameters: 300(Long)
2018-02-02 19:26:36,950 [http-bio-8081-exec-9] [com.taotao.mapper.TbItemCatMapper.selectByExample]-[DEBUG] <==      Total: 8
2018-02-02 19:26:36,950 [http-bio-8081-exec-9] [org.mybatis.spring.SqlSessionUtils]-[DEBUG] Releasing transactional SqlSession [org.apache.ibatis.session.defaults.DefaultSqlSession@2299bec4]
2018-02-02 19:26:36,950 [http-bio-8081-exec-9] [org.mybatis.spring.SqlSessionUtils]-[DEBUG] Fetched SqlSession [org.apache.ibatis.session.defaults.DefaultSqlSession@2299bec4] from current transaction
2018-02-02 19:26:36,951 [http-bio-8081-exec-9] [com.taotao.mapper.TbItemCatMapper.selectByExample]-[DEBUG] ==>  Preparing: select id, parent_id, name, status, sort_order, is_parent, created, updated from tb_item_cat WHERE ( parent_id = ? ) 
2018-02-02 19:26:36,951 [http-bio-8081-exec-9] [com.taotao.mapper.TbItemCatMapper.selectByExample]-[DEBUG] ==> Parameters: 309(Long)
2018-02-02 19:26:36,952 [http-bio-8081-exec-9] [com.taotao.mapper.TbItemCatMapper.selectByExample]-[DEBUG] <==      Total: 4
2018-02-02 19:26:36,953 [http-bio-8081-exec-9] [org.mybatis.spring.SqlSessionUtils]-[DEBUG] Releasing transactional SqlSession [org.apache.ibatis.session.defaults.DefaultSqlSession@2299bec4]
2018-02-02 19:26:36,953 [http-bio-8081-exec-9] [org.mybatis.spring.SqlSessionUtils]-[DEBUG] Fetched SqlSession [org.apache.ibatis.session.defaults.DefaultSqlSession@2299bec4] from current transaction
2018-02-02 19:26:36,953 [http-bio-8081-exec-9] [com.taotao.mapper.TbItemCatMapper.selectByExample]-[DEBUG] ==>  Preparing: select id, parent_id, name, status, sort_order, is_parent, created, updated from tb_item_cat WHERE ( parent_id = ? ) 
2018-02-02 19:26:36,953 [http-bio-8081-exec-9] [com.taotao.mapper.TbItemCatMapper.selectByExample]-[DEBUG] ==> Parameters: 314(Long)
2018-02-02 19:26:36,955 [http-bio-8081-exec-9] [com.taotao.mapper.TbItemCatMapper.selectByExample]-[DEBUG] <==      Total: 7
2018-02-02 19:26:36,955 [http-bio-8081-exec-9] [org.mybatis.spring.SqlSessionUtils]-[DEBUG] Releasing transactional SqlSession [org.apache.ibatis.session.defaults.DefaultSqlSession@2299bec4]
2018-02-02 19:26:36,955 [http-bio-8081-exec-9] [org.mybatis.spring.SqlSessionUtils]-[DEBUG] Fetched SqlSession [org.apache.ibatis.session.defaults.DefaultSqlSession@2299bec4] from current transaction
2018-02-02 19:26:36,955 [http-bio-8081-exec-9] [com.taotao.mapper.TbItemCatMapper.selectByExample]-[DEBUG] ==>  Preparing: select id, parent_id, name, status, sort_order, is_parent, created, updated from tb_item_cat WHERE ( parent_id = ? ) 
2018-02-02 19:26:36,955 [http-bio-8081-exec-9] [com.taotao.mapper.TbItemCatMapper.selectByExample]-[DEBUG] ==> Parameters: 322(Long)
2018-02-02 19:26:36,956 [http-bio-8081-exec-9] [com.taotao.mapper.TbItemCatMapper.selectByExample]-[DEBUG] <==      Total: 8
2018-02-02 19:26:36,957 [http-bio-8081-exec-9] [org.mybatis.spring.SqlSessionUtils]-[DEBUG] Releasing transactional SqlSession [org.apache.ibatis.session.defaults.DefaultSqlSession@2299bec4]
2018-02-02 19:26:36,957 [http-bio-8081-exec-9] [org.mybatis.spring.SqlSessionUtils]-[DEBUG] Fetched SqlSession [org.apache.ibatis.session.defaults.DefaultSqlSession@2299bec4] from current transaction
2018-02-02 19:26:36,957 [http-bio-8081-exec-9] [com.taotao.mapper.TbItemCatMapper.selectByExample]-[DEBUG] ==>  Preparing: select id, parent_id, name, status, sort_order, is_parent, created, updated from tb_item_cat WHERE ( parent_id = ? ) 
2018-02-02 19:26:36,957 [http-bio-8081-exec-9] [com.taotao.mapper.TbItemCatMapper.selectByExample]-[DEBUG] ==> Parameters: 331(Long)
2018-02-02 19:26:36,959 [http-bio-8081-exec-9] [com.taotao.mapper.TbItemCatMapper.selectByExample]-[DEBUG] <==      Total: 9
2018-02-02 19:26:36,959 [http-bio-8081-exec-9] [org.mybatis.spring.SqlSessionUtils]-[DEBUG] Releasing transactional SqlSession [org.apache.ibatis.session.defaults.DefaultSqlSession@2299bec4]
2018-02-02 19:26:36,959 [http-bio-8081-exec-9] [org.mybatis.spring.SqlSessionUtils]-[DEBUG] Fetched SqlSession [org.apache.ibatis.session.defaults.DefaultSqlSession@2299bec4] from current transaction
2018-02-02 19:26:36,960 [http-bio-8081-exec-9] [com.taotao.mapper.TbItemCatMapper.selectByExample]-[DEBUG] ==>  Preparing: select id, parent_id, name, status, sort_order, is_parent, created, updated from tb_item_cat WHERE ( parent_id = ? ) 
2018-02-02 19:26:36,961 [http-bio-8081-exec-9] [com.taotao.mapper.TbItemCatMapper.selectByExample]-[DEBUG] ==> Parameters: 341(Long)
2018-02-02 19:26:36,962 [http-bio-8081-exec-9] [com.taotao.mapper.TbItemCatMapper.selectByExample]-[DEBUG] <==      Total: 6
2018-02-02 19:26:36,962 [http-bio-8081-exec-9] [org.mybatis.spring.SqlSessionUtils]-[DEBUG] Releasing transactional SqlSession [org.apache.ibatis.session.defaults.DefaultSqlSession@2299bec4]
2018-02-02 19:26:36,962 [http-bio-8081-exec-9] [org.mybatis.spring.SqlSessionUtils]-[DEBUG] Fetched SqlSession [org.apache.ibatis.session.defaults.DefaultSqlSession@2299bec4] from current transaction
2018-02-02 19:26:36,963 [http-bio-8081-exec-9] [com.taotao.mapper.TbItemCatMapper.selectByExample]-[DEBUG] ==>  Preparing: select id, parent_id, name, status, sort_order, is_parent, created, updated from tb_item_cat WHERE ( parent_id = ? ) 
2018-02-02 19:26:36,963 [http-bio-8081-exec-9] [com.taotao.mapper.TbItemCatMapper.selectByExample]-[DEBUG] ==> Parameters: 348(Long)
2018-02-02 19:26:36,966 [http-bio-8081-exec-9] [com.taotao.mapper.TbItemCatMapper.selectByExample]-[DEBUG] <==      Total: 9
2018-02-02 19:26:36,966 [http-bio-8081-exec-9] [org.mybatis.spring.SqlSessionUtils]-[DEBUG] Releasing transactional SqlSession [org.apache.ibatis.session.defaults.DefaultSqlSession@2299bec4]
2018-02-02 19:26:36,966 [http-bio-8081-exec-9] [org.mybatis.spring.SqlSessionUtils]-[DEBUG] Fetched SqlSession [org.apache.ibatis.session.defaults.DefaultSqlSession@2299bec4] from current transaction
2018-02-02 19:26:36,968 [http-bio-8081-exec-9] [com.taotao.mapper.TbItemCatMapper.selectByExample]-[DEBUG] ==>  Preparing: select id, parent_id, name, status, sort_order, is_parent, created, updated from tb_item_cat WHERE ( parent_id = ? ) 
2018-02-02 19:26:36,969 [http-bio-8081-exec-9] [com.taotao.mapper.TbItemCatMapper.selectByExample]-[DEBUG] ==> Parameters: 358(Long)
2018-02-02 19:26:36,970 [http-bio-8081-exec-9] [com.taotao.mapper.TbItemCatMapper.selectByExample]-[DEBUG] <==      Total: 15
2018-02-02 19:26:36,970 [http-bio-8081-exec-9] [org.mybatis.spring.SqlSessionUtils]-[DEBUG] Releasing transactional SqlSession [org.apache.ibatis.session.defaults.DefaultSqlSession@2299bec4]
2018-02-02 19:26:36,970 [http-bio-8081-exec-9] [org.mybatis.spring.SqlSessionUtils]-[DEBUG] Fetched SqlSession [org.apache.ibatis.session.defaults.DefaultSqlSession@2299bec4] from current transaction
2018-02-02 19:26:36,971 [http-bio-8081-exec-9] [com.taotao.mapper.TbItemCatMapper.selectByExample]-[DEBUG] ==>  Preparing: select id, parent_id, name, status, sort_order, is_parent, created, updated from tb_item_cat WHERE ( parent_id = ? ) 
2018-02-02 19:26:36,971 [http-bio-8081-exec-9] [com.taotao.mapper.TbItemCatMapper.selectByExample]-[DEBUG] ==> Parameters: 374(Long)
2018-02-02 19:26:36,972 [http-bio-8081-exec-9] [com.taotao.mapper.TbItemCatMapper.selectByExample]-[DEBUG] <==      Total: 3
2018-02-02 19:26:36,972 [http-bio-8081-exec-9] [org.mybatis.spring.SqlSessionUtils]-[DEBUG] Releasing transactional SqlSession [org.apache.ibatis.session.defaults.DefaultSqlSession@2299bec4]
2018-02-02 19:26:36,972 [http-bio-8081-exec-9] [org.mybatis.spring.SqlSessionUtils]-[DEBUG] Fetched SqlSession [org.apache.ibatis.session.defaults.DefaultSqlSession@2299bec4] from current transaction
2018-02-02 19:26:36,972 [http-bio-8081-exec-9] [com.taotao.mapper.TbItemCatMapper.selectByExample]-[DEBUG] ==>  Preparing: select id, parent_id, name, status, sort_order, is_parent, created, updated from tb_item_cat WHERE ( parent_id = ? ) 
2018-02-02 19:26:36,972 [http-bio-8081-exec-9] [com.taotao.mapper.TbItemCatMapper.selectByExample]-[DEBUG] ==> Parameters: 378(Long)
2018-02-02 19:26:36,973 [http-bio-8081-exec-9] [com.taotao.mapper.TbItemCatMapper.selectByExample]-[DEBUG] <==      Total: 7
2018-02-02 19:26:36,973 [http-bio-8081-exec-9] [org.mybatis.spring.SqlSessionUtils]-[DEBUG] Releasing transactional SqlSession [org.apache.ibatis.session.defaults.DefaultSqlSession@2299bec4]
2018-02-02 19:26:36,973 [http-bio-8081-exec-9] [org.mybatis.spring.SqlSessionUtils]-[DEBUG] Fetched SqlSession [org.apache.ibatis.session.defaults.DefaultSqlSession@2299bec4] from current transaction
2018-02-02 19:26:36,974 [http-bio-8081-exec-9] [com.taotao.mapper.TbItemCatMapper.selectByExample]-[DEBUG] ==>  Preparing: select id, parent_id, name, status, sort_order, is_parent, created, updated from tb_item_cat WHERE ( parent_id = ? ) 
2018-02-02 19:26:36,974 [http-bio-8081-exec-9] [com.taotao.mapper.TbItemCatMapper.selectByExample]-[DEBUG] ==> Parameters: 379(Long)
2018-02-02 19:26:36,975 [http-bio-8081-exec-9] [com.taotao.mapper.TbItemCatMapper.selectByExample]-[DEBUG] <==      Total: 6
2018-02-02 19:26:36,975 [http-bio-8081-exec-9] [org.mybatis.spring.SqlSessionUtils]-[DEBUG] Releasing transactional SqlSession [org.apache.ibatis.session.defaults.DefaultSqlSession@2299bec4]
2018-02-02 19:26:36,975 [http-bio-8081-exec-9] [org.mybatis.spring.SqlSessionUtils]-[DEBUG] Fetched SqlSession [org.apache.ibatis.session.defaults.DefaultSqlSession@2299bec4] from current transaction
2018-02-02 19:26:36,975 [http-bio-8081-exec-9] [com.taotao.mapper.TbItemCatMapper.selectByExample]-[DEBUG] ==>  Preparing: select id, parent_id, name, status, sort_order, is_parent, created, updated from tb_item_cat WHERE ( parent_id = ? ) 
2018-02-02 19:26:36,976 [http-bio-8081-exec-9] [com.taotao.mapper.TbItemCatMapper.selectByExample]-[DEBUG] ==> Parameters: 386(Long)
2018-02-02 19:26:36,977 [http-bio-8081-exec-9] [com.taotao.mapper.TbItemCatMapper.selectByExample]-[DEBUG] <==      Total: 10
2018-02-02 19:26:36,978 [http-bio-8081-exec-9] [org.mybatis.spring.SqlSessionUtils]-[DEBUG] Releasing transactional SqlSession [org.apache.ibatis.session.defaults.DefaultSqlSession@2299bec4]
2018-02-02 19:26:36,978 [http-bio-8081-exec-9] [org.mybatis.spring.SqlSessionUtils]-[DEBUG] Fetched SqlSession [org.apache.ibatis.session.defaults.DefaultSqlSession@2299bec4] from current transaction
2018-02-02 19:26:36,978 [http-bio-8081-exec-9] [com.taotao.mapper.TbItemCatMapper.selectByExample]-[DEBUG] ==>  Preparing: select id, parent_id, name, status, sort_order, is_parent, created, updated from tb_item_cat WHERE ( parent_id = ? ) 
2018-02-02 19:26:36,979 [http-bio-8081-exec-9] [com.taotao.mapper.TbItemCatMapper.selectByExample]-[DEBUG] ==> Parameters: 397(Long)
2018-02-02 19:26:36,980 [http-bio-8081-exec-9] [com.taotao.mapper.TbItemCatMapper.selectByExample]-[DEBUG] <==      Total: 7
2018-02-02 19:26:36,980 [http-bio-8081-exec-9] [org.mybatis.spring.SqlSessionUtils]-[DEBUG] Releasing transactional SqlSession [org.apache.ibatis.session.defaults.DefaultSqlSession@2299bec4]
2018-02-02 19:26:36,980 [http-bio-8081-exec-9] [org.mybatis.spring.SqlSessionUtils]-[DEBUG] Fetched SqlSession [org.apache.ibatis.session.defaults.DefaultSqlSession@2299bec4] from current transaction
2018-02-02 19:26:36,980 [http-bio-8081-exec-9] [com.taotao.mapper.TbItemCatMapper.selectByExample]-[DEBUG] ==>  Preparing: select id, parent_id, name, status, sort_order, is_parent, created, updated from tb_item_cat WHERE ( parent_id = ? ) 
2018-02-02 19:26:36,980 [http-bio-8081-exec-9] [com.taotao.mapper.TbItemCatMapper.selectByExample]-[DEBUG] ==> Parameters: 405(Long)
2018-02-02 19:26:36,981 [http-bio-8081-exec-9] [com.taotao.mapper.TbItemCatMapper.selectByExample]-[DEBUG] <==      Total: 6
2018-02-02 19:26:36,982 [http-bio-8081-exec-9] [org.mybatis.spring.SqlSessionUtils]-[DEBUG] Releasing transactional SqlSession [org.apache.ibatis.session.defaults.DefaultSqlSession@2299bec4]
2018-02-02 19:26:36,982 [http-bio-8081-exec-9] [org.mybatis.spring.SqlSessionUtils]-[DEBUG] Fetched SqlSession [org.apache.ibatis.session.defaults.DefaultSqlSession@2299bec4] from current transaction
2018-02-02 19:26:36,982 [http-bio-8081-exec-9] [com.taotao.mapper.TbItemCatMapper.selectByExample]-[DEBUG] ==>  Preparing: select id, parent_id, name, status, sort_order, is_parent, created, updated from tb_item_cat WHERE ( parent_id = ? ) 
2018-02-02 19:26:36,982 [http-bio-8081-exec-9] [com.taotao.mapper.TbItemCatMapper.selectByExample]-[DEBUG] ==> Parameters: 412(Long)
2018-02-02 19:26:36,984 [http-bio-8081-exec-9] [com.taotao.mapper.TbItemCatMapper.selectByExample]-[DEBUG] <==      Total: 7
2018-02-02 19:26:36,984 [http-bio-8081-exec-9] [org.mybatis.spring.SqlSessionUtils]-[DEBUG] Releasing transactional SqlSession [org.apache.ibatis.session.defaults.DefaultSqlSession@2299bec4]
2018-02-02 19:26:36,984 [http-bio-8081-exec-9] [org.mybatis.spring.SqlSessionUtils]-[DEBUG] Fetched SqlSession [org.apache.ibatis.session.defaults.DefaultSqlSession@2299bec4] from current transaction
2018-02-02 19:26:36,984 [http-bio-8081-exec-9] [com.taotao.mapper.TbItemCatMapper.selectByExample]-[DEBUG] ==>  Preparing: select id, parent_id, name, status, sort_order, is_parent, created, updated from tb_item_cat WHERE ( parent_id = ? ) 
2018-02-02 19:26:36,985 [http-bio-8081-exec-9] [com.taotao.mapper.TbItemCatMapper.selectByExample]-[DEBUG] ==> Parameters: 420(Long)
2018-02-02 19:26:36,986 [http-bio-8081-exec-9] [com.taotao.mapper.TbItemCatMapper.selectByExample]-[DEBUG] <==      Total: 4
2018-02-02 19:26:36,986 [http-bio-8081-exec-9] [org.mybatis.spring.SqlSessionUtils]-[DEBUG] Releasing transactional SqlSession [org.apache.ibatis.session.defaults.DefaultSqlSession@2299bec4]
2018-02-02 19:26:36,986 [http-bio-8081-exec-9] [org.mybatis.spring.SqlSessionUtils]-[DEBUG] Fetched SqlSession [org.apache.ibatis.session.defaults.DefaultSqlSession@2299bec4] from current transaction
2018-02-02 19:26:36,986 [http-bio-8081-exec-9] [com.taotao.mapper.TbItemCatMapper.selectByExample]-[DEBUG] ==>  Preparing: select id, parent_id, name, status, sort_order, is_parent, created, updated from tb_item_cat WHERE ( parent_id = ? ) 
2018-02-02 19:26:36,986 [http-bio-8081-exec-9] [com.taotao.mapper.TbItemCatMapper.selectByExample]-[DEBUG] ==> Parameters: 425(Long)
2018-02-02 19:26:36,987 [http-bio-8081-exec-9] [com.taotao.mapper.TbItemCatMapper.selectByExample]-[DEBUG] <==      Total: 12
2018-02-02 19:26:36,987 [http-bio-8081-exec-9] [org.mybatis.spring.SqlSessionUtils]-[DEBUG] Releasing transactional SqlSession [org.apache.ibatis.session.defaults.DefaultSqlSession@2299bec4]
2018-02-02 19:26:36,988 [http-bio-8081-exec-9] [org.mybatis.spring.SqlSessionUtils]-[DEBUG] Fetched SqlSession [org.apache.ibatis.session.defaults.DefaultSqlSession@2299bec4] from current transaction
2018-02-02 19:26:36,988 [http-bio-8081-exec-9] [com.taotao.mapper.TbItemCatMapper.selectByExample]-[DEBUG] ==>  Preparing: select id, parent_id, name, status, sort_order, is_parent, created, updated from tb_item_cat WHERE ( parent_id = ? ) 
2018-02-02 19:26:36,988 [http-bio-8081-exec-9] [com.taotao.mapper.TbItemCatMapper.selectByExample]-[DEBUG] ==> Parameters: 438(Long)
2018-02-02 19:26:36,989 [http-bio-8081-exec-9] [com.taotao.mapper.TbItemCatMapper.selectByExample]-[DEBUG] <==      Total: 5
2018-02-02 19:26:36,989 [http-bio-8081-exec-9] [org.mybatis.spring.SqlSessionUtils]-[DEBUG] Releasing transactional SqlSession [org.apache.ibatis.session.defaults.DefaultSqlSession@2299bec4]
2018-02-02 19:26:36,989 [http-bio-8081-exec-9] [org.mybatis.spring.SqlSessionUtils]-[DEBUG] Fetched SqlSession [org.apache.ibatis.session.defaults.DefaultSqlSession@2299bec4] from current transaction
2018-02-02 19:26:36,990 [http-bio-8081-exec-9] [com.taotao.mapper.TbItemCatMapper.selectByExample]-[DEBUG] ==>  Preparing: select id, parent_id, name, status, sort_order, is_parent, created, updated from tb_item_cat WHERE ( parent_id = ? ) 
2018-02-02 19:26:36,990 [http-bio-8081-exec-9] [com.taotao.mapper.TbItemCatMapper.selectByExample]-[DEBUG] ==> Parameters: 439(Long)
2018-02-02 19:26:36,992 [http-bio-8081-exec-9] [com.taotao.mapper.TbItemCatMapper.selectByExample]-[DEBUG] <==      Total: 16
2018-02-02 19:26:36,992 [http-bio-8081-exec-9] [org.mybatis.spring.SqlSessionUtils]-[DEBUG] Releasing transactional SqlSession [org.apache.ibatis.session.defaults.DefaultSqlSession@2299bec4]
2018-02-02 19:26:36,992 [http-bio-8081-exec-9] [org.mybatis.spring.SqlSessionUtils]-[DEBUG] Fetched SqlSession [org.apache.ibatis.session.defaults.DefaultSqlSession@2299bec4] from current transaction
2018-02-02 19:26:36,993 [http-bio-8081-exec-9] [com.taotao.mapper.TbItemCatMapper.selectByExample]-[DEBUG] ==>  Preparing: select id, parent_id, name, status, sort_order, is_parent, created, updated from tb_item_cat WHERE ( parent_id = ? ) 
2018-02-02 19:26:36,994 [http-bio-8081-exec-9] [com.taotao.mapper.TbItemCatMapper.selectByExample]-[DEBUG] ==> Parameters: 456(Long)
2018-02-02 19:26:36,996 [http-bio-8081-exec-9] [com.taotao.mapper.TbItemCatMapper.selectByExample]-[DEBUG] <==      Total: 10
2018-02-02 19:26:36,996 [http-bio-8081-exec-9] [org.mybatis.spring.SqlSessionUtils]-[DEBUG] Releasing transactional SqlSession [org.apache.ibatis.session.defaults.DefaultSqlSession@2299bec4]
2018-02-02 19:26:36,996 [http-bio-8081-exec-9] [org.mybatis.spring.SqlSessionUtils]-[DEBUG] Fetched SqlSession [org.apache.ibatis.session.defaults.DefaultSqlSession@2299bec4] from current transaction
2018-02-02 19:26:36,996 [http-bio-8081-exec-9] [com.taotao.mapper.TbItemCatMapper.selectByExample]-[DEBUG] ==>  Preparing: select id, parent_id, name, status, sort_order, is_parent, created, updated from tb_item_cat WHERE ( parent_id = ? ) 
2018-02-02 19:26:36,997 [http-bio-8081-exec-9] [com.taotao.mapper.TbItemCatMapper.selectByExample]-[DEBUG] ==> Parameters: 467(Long)
2018-02-02 19:26:36,997 [http-bio-8081-exec-9] [com.taotao.mapper.TbItemCatMapper.selectByExample]-[DEBUG] <==      Total: 6
2018-02-02 19:26:36,998 [http-bio-8081-exec-9] [org.mybatis.spring.SqlSessionUtils]-[DEBUG] Releasing transactional SqlSession [org.apache.ibatis.session.defaults.DefaultSqlSession@2299bec4]
2018-02-02 19:26:36,998 [http-bio-8081-exec-9] [org.mybatis.spring.SqlSessionUtils]-[DEBUG] Fetched SqlSession [org.apache.ibatis.session.defaults.DefaultSqlSession@2299bec4] from current transaction
2018-02-02 19:26:36,998 [http-bio-8081-exec-9] [com.taotao.mapper.TbItemCatMapper.selectByExample]-[DEBUG] ==>  Preparing: select id, parent_id, name, status, sort_order, is_parent, created, updated from tb_item_cat WHERE ( parent_id = ? ) 
2018-02-02 19:26:36,998 [http-bio-8081-exec-9] [com.taotao.mapper.TbItemCatMapper.selectByExample]-[DEBUG] ==> Parameters: 474(Long)
2018-02-02 19:26:36,999 [http-bio-8081-exec-9] [com.taotao.mapper.TbItemCatMapper.selectByExample]-[DEBUG] <==      Total: 11
2018-02-02 19:26:37,000 [http-bio-8081-exec-9] [org.mybatis.spring.SqlSessionUtils]-[DEBUG] Releasing transactional SqlSession [org.apache.ibatis.session.defaults.DefaultSqlSession@2299bec4]
2018-02-02 19:26:37,000 [http-bio-8081-exec-9] [org.mybatis.spring.SqlSessionUtils]-[DEBUG] Fetched SqlSession [org.apache.ibatis.session.defaults.DefaultSqlSession@2299bec4] from current transaction
2018-02-02 19:26:37,000 [http-bio-8081-exec-9] [com.taotao.mapper.TbItemCatMapper.selectByExample]-[DEBUG] ==>  Preparing: select id, parent_id, name, status, sort_order, is_parent, created, updated from tb_item_cat WHERE ( parent_id = ? ) 
2018-02-02 19:26:37,000 [http-bio-8081-exec-9] [com.taotao.mapper.TbItemCatMapper.selectByExample]-[DEBUG] ==> Parameters: 486(Long)
2018-02-02 19:26:37,002 [http-bio-8081-exec-9] [com.taotao.mapper.TbItemCatMapper.selectByExample]-[DEBUG] <==      Total: 8
2018-02-02 19:26:37,002 [http-bio-8081-exec-9] [org.mybatis.spring.SqlSessionUtils]-[DEBUG] Releasing transactional SqlSession [org.apache.ibatis.session.defaults.DefaultSqlSession@2299bec4]
2018-02-02 19:26:37,002 [http-bio-8081-exec-9] [org.mybatis.spring.SqlSessionUtils]-[DEBUG] Fetched SqlSession [org.apache.ibatis.session.defaults.DefaultSqlSession@2299bec4] from current transaction
2018-02-02 19:26:37,002 [http-bio-8081-exec-9] [com.taotao.mapper.TbItemCatMapper.selectByExample]-[DEBUG] ==>  Preparing: select id, parent_id, name, status, sort_order, is_parent, created, updated from tb_item_cat WHERE ( parent_id = ? ) 
2018-02-02 19:26:37,002 [http-bio-8081-exec-9] [com.taotao.mapper.TbItemCatMapper.selectByExample]-[DEBUG] ==> Parameters: 495(Long)
2018-02-02 19:26:37,004 [http-bio-8081-exec-9] [com.taotao.mapper.TbItemCatMapper.selectByExample]-[DEBUG] <==      Total: 12
2018-02-02 19:26:37,004 [http-bio-8081-exec-9] [org.mybatis.spring.SqlSessionUtils]-[DEBUG] Releasing transactional SqlSession [org.apache.ibatis.session.defaults.DefaultSqlSession@2299bec4]
2018-02-02 19:26:37,004 [http-bio-8081-exec-9] [org.mybatis.spring.SqlSessionUtils]-[DEBUG] Fetched SqlSession [org.apache.ibatis.session.defaults.DefaultSqlSession@2299bec4] from current transaction
2018-02-02 19:26:37,004 [http-bio-8081-exec-9] [com.taotao.mapper.TbItemCatMapper.selectByExample]-[DEBUG] ==>  Preparing: select id, parent_id, name, status, sort_order, is_parent, created, updated from tb_item_cat WHERE ( parent_id = ? ) 
2018-02-02 19:26:37,004 [http-bio-8081-exec-9] [com.taotao.mapper.TbItemCatMapper.selectByExample]-[DEBUG] ==> Parameters: 496(Long)
2018-02-02 19:26:37,005 [http-bio-8081-exec-9] [com.taotao.mapper.TbItemCatMapper.selectByExample]-[DEBUG] <==      Total: 6
2018-02-02 19:26:37,005 [http-bio-8081-exec-9] [org.mybatis.spring.SqlSessionUtils]-[DEBUG] Releasing transactional SqlSession [org.apache.ibatis.session.defaults.DefaultSqlSession@2299bec4]
2018-02-02 19:26:37,005 [http-bio-8081-exec-9] [org.mybatis.spring.SqlSessionUtils]-[DEBUG] Fetched SqlSession [org.apache.ibatis.session.defaults.DefaultSqlSession@2299bec4] from current transaction
2018-02-02 19:26:37,006 [http-bio-8081-exec-9] [com.taotao.mapper.TbItemCatMapper.selectByExample]-[DEBUG] ==>  Preparing: select id, parent_id, name, status, sort_order, is_parent, created, updated from tb_item_cat WHERE ( parent_id = ? ) 
2018-02-02 19:26:37,006 [http-bio-8081-exec-9] [com.taotao.mapper.TbItemCatMapper.selectByExample]-[DEBUG] ==> Parameters: 503(Long)
2018-02-02 19:26:37,007 [http-bio-8081-exec-9] [com.taotao.mapper.TbItemCatMapper.selectByExample]-[DEBUG] <==      Total: 5
2018-02-02 19:26:37,007 [http-bio-8081-exec-9] [org.mybatis.spring.SqlSessionUtils]-[DEBUG] Releasing transactional SqlSession [org.apache.ibatis.session.defaults.DefaultSqlSession@2299bec4]
2018-02-02 19:26:37,007 [http-bio-8081-exec-9] [org.mybatis.spring.SqlSessionUtils]-[DEBUG] Fetched SqlSession [org.apache.ibatis.session.defaults.DefaultSqlSession@2299bec4] from current transaction
2018-02-02 19:26:37,008 [http-bio-8081-exec-9] [com.taotao.mapper.TbItemCatMapper.selectByExample]-[DEBUG] ==>  Preparing: select id, parent_id, name, status, sort_order, is_parent, created, updated from tb_item_cat WHERE ( parent_id = ? ) 
2018-02-02 19:26:37,008 [http-bio-8081-exec-9] [com.taotao.mapper.TbItemCatMapper.selectByExample]-[DEBUG] ==> Parameters: 509(Long)
2018-02-02 19:26:37,009 [http-bio-8081-exec-9] [com.taotao.mapper.TbItemCatMapper.selectByExample]-[DEBUG] <==      Total: 2
2018-02-02 19:26:37,009 [http-bio-8081-exec-9] [org.mybatis.spring.SqlSessionUtils]-[DEBUG] Releasing transactional SqlSession [org.apache.ibatis.session.defaults.DefaultSqlSession@2299bec4]
2018-02-02 19:26:37,009 [http-bio-8081-exec-9] [org.mybatis.spring.SqlSessionUtils]-[DEBUG] Fetched SqlSession [org.apache.ibatis.session.defaults.DefaultSqlSession@2299bec4] from current transaction
2018-02-02 19:26:37,010 [http-bio-8081-exec-9] [com.taotao.mapper.TbItemCatMapper.selectByExample]-[DEBUG] ==>  Preparing: select id, parent_id, name, status, sort_order, is_parent, created, updated from tb_item_cat WHERE ( parent_id = ? ) 
2018-02-02 19:26:37,010 [http-bio-8081-exec-9] [com.taotao.mapper.TbItemCatMapper.selectByExample]-[DEBUG] ==> Parameters: 512(Long)
2018-02-02 19:26:37,011 [http-bio-8081-exec-9] [com.taotao.mapper.TbItemCatMapper.selectByExample]-[DEBUG] <==      Total: 3
2018-02-02 19:26:37,012 [http-bio-8081-exec-9] [org.mybatis.spring.SqlSessionUtils]-[DEBUG] Releasing transactional SqlSession [org.apache.ibatis.session.defaults.DefaultSqlSession@2299bec4]
2018-02-02 19:26:37,012 [http-bio-8081-exec-9] [org.mybatis.spring.SqlSessionUtils]-[DEBUG] Fetched SqlSession [org.apache.ibatis.session.defaults.DefaultSqlSession@2299bec4] from current transaction
2018-02-02 19:26:37,012 [http-bio-8081-exec-9] [com.taotao.mapper.TbItemCatMapper.selectByExample]-[DEBUG] ==>  Preparing: select id, parent_id, name, status, sort_order, is_parent, created, updated from tb_item_cat WHERE ( parent_id = ? ) 
2018-02-02 19:26:37,012 [http-bio-8081-exec-9] [com.taotao.mapper.TbItemCatMapper.selectByExample]-[DEBUG] ==> Parameters: 516(Long)
2018-02-02 19:26:37,013 [http-bio-8081-exec-9] [com.taotao.mapper.TbItemCatMapper.selectByExample]-[DEBUG] <==      Total: 3
2018-02-02 19:26:37,013 [http-bio-8081-exec-9] [org.mybatis.spring.SqlSessionUtils]-[DEBUG] Releasing transactional SqlSession [org.apache.ibatis.session.defaults.DefaultSqlSession@2299bec4]
2018-02-02 19:26:37,013 [http-bio-8081-exec-9] [org.mybatis.spring.SqlSessionUtils]-[DEBUG] Fetched SqlSession [org.apache.ibatis.session.defaults.DefaultSqlSession@2299bec4] from current transaction
2018-02-02 19:26:37,014 [http-bio-8081-exec-9] [com.taotao.mapper.TbItemCatMapper.selectByExample]-[DEBUG] ==>  Preparing: select id, parent_id, name, status, sort_order, is_parent, created, updated from tb_item_cat WHERE ( parent_id = ? ) 
2018-02-02 19:26:37,014 [http-bio-8081-exec-9] [com.taotao.mapper.TbItemCatMapper.selectByExample]-[DEBUG] ==> Parameters: 520(Long)
2018-02-02 19:26:37,015 [http-bio-8081-exec-9] [com.taotao.mapper.TbItemCatMapper.selectByExample]-[DEBUG] <==      Total: 4
2018-02-02 19:26:37,016 [http-bio-8081-exec-9] [org.mybatis.spring.SqlSessionUtils]-[DEBUG] Releasing transactional SqlSession [org.apache.ibatis.session.defaults.DefaultSqlSession@2299bec4]
2018-02-02 19:26:37,016 [http-bio-8081-exec-9] [org.mybatis.spring.SqlSessionUtils]-[DEBUG] Fetched SqlSession [org.apache.ibatis.session.defaults.DefaultSqlSession@2299bec4] from current transaction
2018-02-02 19:26:37,018 [http-bio-8081-exec-9] [com.taotao.mapper.TbItemCatMapper.selectByExample]-[DEBUG] ==>  Preparing: select id, parent_id, name, status, sort_order, is_parent, created, updated from tb_item_cat WHERE ( parent_id = ? ) 
2018-02-02 19:26:37,018 [http-bio-8081-exec-9] [com.taotao.mapper.TbItemCatMapper.selectByExample]-[DEBUG] ==> Parameters: 525(Long)
2018-02-02 19:26:37,019 [http-bio-8081-exec-9] [com.taotao.mapper.TbItemCatMapper.selectByExample]-[DEBUG] <==      Total: 3
2018-02-02 19:26:37,019 [http-bio-8081-exec-9] [org.mybatis.spring.SqlSessionUtils]-[DEBUG] Releasing transactional SqlSession [org.apache.ibatis.session.defaults.DefaultSqlSession@2299bec4]
2018-02-02 19:26:37,019 [http-bio-8081-exec-9] [org.mybatis.spring.SqlSessionUtils]-[DEBUG] Fetched SqlSession [org.apache.ibatis.session.defaults.DefaultSqlSession@2299bec4] from current transaction
2018-02-02 19:26:37,020 [http-bio-8081-exec-9] [com.taotao.mapper.TbItemCatMapper.selectByExample]-[DEBUG] ==>  Preparing: select id, parent_id, name, status, sort_order, is_parent, created, updated from tb_item_cat WHERE ( parent_id = ? ) 
2018-02-02 19:26:37,020 [http-bio-8081-exec-9] [com.taotao.mapper.TbItemCatMapper.selectByExample]-[DEBUG] ==> Parameters: 529(Long)
2018-02-02 19:26:37,021 [http-bio-8081-exec-9] [com.taotao.mapper.TbItemCatMapper.selectByExample]-[DEBUG] <==      Total: 4
2018-02-02 19:26:37,021 [http-bio-8081-exec-9] [org.mybatis.spring.SqlSessionUtils]-[DEBUG] Releasing transactional SqlSession [org.apache.ibatis.session.defaults.DefaultSqlSession@2299bec4]
2018-02-02 19:26:37,021 [http-bio-8081-exec-9] [org.mybatis.spring.SqlSessionUtils]-[DEBUG] Fetched SqlSession [org.apache.ibatis.session.defaults.DefaultSqlSession@2299bec4] from current transaction
2018-02-02 19:26:37,021 [http-bio-8081-exec-9] [com.taotao.mapper.TbItemCatMapper.selectByExample]-[DEBUG] ==>  Preparing: select id, parent_id, name, status, sort_order, is_parent, created, updated from tb_item_cat WHERE ( parent_id = ? ) 
2018-02-02 19:26:37,021 [http-bio-8081-exec-9] [com.taotao.mapper.TbItemCatMapper.selectByExample]-[DEBUG] ==> Parameters: 534(Long)
2018-02-02 19:26:37,022 [http-bio-8081-exec-9] [com.taotao.mapper.TbItemCatMapper.selectByExample]-[DEBUG] <==      Total: 4
2018-02-02 19:26:37,022 [http-bio-8081-exec-9] [org.mybatis.spring.SqlSessionUtils]-[DEBUG] Releasing transactional SqlSession [org.apache.ibatis.session.defaults.DefaultSqlSession@2299bec4]
2018-02-02 19:26:37,022 [http-bio-8081-exec-9] [org.mybatis.spring.SqlSessionUtils]-[DEBUG] Fetched SqlSession [org.apache.ibatis.session.defaults.DefaultSqlSession@2299bec4] from current transaction
2018-02-02 19:26:37,024 [http-bio-8081-exec-9] [com.taotao.mapper.TbItemCatMapper.selectByExample]-[DEBUG] ==>  Preparing: select id, parent_id, name, status, sort_order, is_parent, created, updated from tb_item_cat WHERE ( parent_id = ? ) 
2018-02-02 19:26:37,024 [http-bio-8081-exec-9] [com.taotao.mapper.TbItemCatMapper.selectByExample]-[DEBUG] ==> Parameters: 539(Long)
2018-02-02 19:26:37,025 [http-bio-8081-exec-9] [com.taotao.mapper.TbItemCatMapper.selectByExample]-[DEBUG] <==      Total: 3
2018-02-02 19:26:37,025 [http-bio-8081-exec-9] [org.mybatis.spring.SqlSessionUtils]-[DEBUG] Releasing transactional SqlSession [org.apache.ibatis.session.defaults.DefaultSqlSession@2299bec4]
2018-02-02 19:26:37,025 [http-bio-8081-exec-9] [org.mybatis.spring.SqlSessionUtils]-[DEBUG] Fetched SqlSession [org.apache.ibatis.session.defaults.DefaultSqlSession@2299bec4] from current transaction
2018-02-02 19:26:37,026 [http-bio-8081-exec-9] [com.taotao.mapper.TbItemCatMapper.selectByExample]-[DEBUG] ==>  Preparing: select id, parent_id, name, status, sort_order, is_parent, created, updated from tb_item_cat WHERE ( parent_id = ? ) 
2018-02-02 19:26:37,027 [http-bio-8081-exec-9] [com.taotao.mapper.TbItemCatMapper.selectByExample]-[DEBUG] ==> Parameters: 543(Long)
2018-02-02 19:26:37,028 [http-bio-8081-exec-9] [com.taotao.mapper.TbItemCatMapper.selectByExample]-[DEBUG] <==      Total: 2
2018-02-02 19:26:37,028 [http-bio-8081-exec-9] [org.mybatis.spring.SqlSessionUtils]-[DEBUG] Releasing transactional SqlSession [org.apache.ibatis.session.defaults.DefaultSqlSession@2299bec4]
2018-02-02 19:26:37,028 [http-bio-8081-exec-9] [org.mybatis.spring.SqlSessionUtils]-[DEBUG] Fetched SqlSession [org.apache.ibatis.session.defaults.DefaultSqlSession@2299bec4] from current transaction
2018-02-02 19:26:37,029 [http-bio-8081-exec-9] [com.taotao.mapper.TbItemCatMapper.selectByExample]-[DEBUG] ==>  Preparing: select id, parent_id, name, status, sort_order, is_parent, created, updated from tb_item_cat WHERE ( parent_id = ? ) 
2018-02-02 19:26:37,029 [http-bio-8081-exec-9] [com.taotao.mapper.TbItemCatMapper.selectByExample]-[DEBUG] ==> Parameters: 546(Long)
2018-02-02 19:26:37,030 [http-bio-8081-exec-9] [com.taotao.mapper.TbItemCatMapper.selectByExample]-[DEBUG] <==      Total: 11
2018-02-02 19:26:37,030 [http-bio-8081-exec-9] [org.mybatis.spring.SqlSessionUtils]-[DEBUG] Releasing transactional SqlSession [org.apache.ibatis.session.defaults.DefaultSqlSession@2299bec4]
2018-02-02 19:26:37,030 [http-bio-8081-exec-9] [org.mybatis.spring.SqlSessionUtils]-[DEBUG] Fetched SqlSession [org.apache.ibatis.session.defaults.DefaultSqlSession@2299bec4] from current transaction
2018-02-02 19:26:37,031 [http-bio-8081-exec-9] [com.taotao.mapper.TbItemCatMapper.selectByExample]-[DEBUG] ==>  Preparing: select id, parent_id, name, status, sort_order, is_parent, created, updated from tb_item_cat WHERE ( parent_id = ? ) 
2018-02-02 19:26:37,032 [http-bio-8081-exec-9] [com.taotao.mapper.TbItemCatMapper.selectByExample]-[DEBUG] ==> Parameters: 558(Long)
2018-02-02 19:26:37,033 [http-bio-8081-exec-9] [com.taotao.mapper.TbItemCatMapper.selectByExample]-[DEBUG] <==      Total: 3
2018-02-02 19:26:37,033 [http-bio-8081-exec-9] [org.mybatis.spring.SqlSessionUtils]-[DEBUG] Releasing transactional SqlSession [org.apache.ibatis.session.defaults.DefaultSqlSession@2299bec4]
2018-02-02 19:26:37,033 [http-bio-8081-exec-9] [org.mybatis.spring.SqlSessionUtils]-[DEBUG] Fetched SqlSession [org.apache.ibatis.session.defaults.DefaultSqlSession@2299bec4] from current transaction
2018-02-02 19:26:37,033 [http-bio-8081-exec-9] [com.taotao.mapper.TbItemCatMapper.selectByExample]-[DEBUG] ==>  Preparing: select id, parent_id, name, status, sort_order, is_parent, created, updated from tb_item_cat WHERE ( parent_id = ? ) 
2018-02-02 19:26:37,033 [http-bio-8081-exec-9] [com.taotao.mapper.TbItemCatMapper.selectByExample]-[DEBUG] ==> Parameters: 559(Long)
2018-02-02 19:26:37,034 [http-bio-8081-exec-9] [com.taotao.mapper.TbItemCatMapper.selectByExample]-[DEBUG] <==      Total: 2
2018-02-02 19:26:37,035 [http-bio-8081-exec-9] [org.mybatis.spring.SqlSessionUtils]-[DEBUG] Releasing transactional SqlSession [org.apache.ibatis.session.defaults.DefaultSqlSession@2299bec4]
2018-02-02 19:26:37,035 [http-bio-8081-exec-9] [org.mybatis.spring.SqlSessionUtils]-[DEBUG] Fetched SqlSession [org.apache.ibatis.session.defaults.DefaultSqlSession@2299bec4] from current transaction
2018-02-02 19:26:37,035 [http-bio-8081-exec-9] [com.taotao.mapper.TbItemCatMapper.selectByExample]-[DEBUG] ==>  Preparing: select id, parent_id, name, status, sort_order, is_parent, created, updated from tb_item_cat WHERE ( parent_id = ? ) 
2018-02-02 19:26:37,035 [http-bio-8081-exec-9] [com.taotao.mapper.TbItemCatMapper.selectByExample]-[DEBUG] ==> Parameters: 562(Long)
2018-02-02 19:26:37,036 [http-bio-8081-exec-9] [com.taotao.mapper.TbItemCatMapper.selectByExample]-[DEBUG] <==      Total: 4
2018-02-02 19:26:37,036 [http-bio-8081-exec-9] [org.mybatis.spring.SqlSessionUtils]-[DEBUG] Releasing transactional SqlSession [org.apache.ibatis.session.defaults.DefaultSqlSession@2299bec4]
2018-02-02 19:26:37,036 [http-bio-8081-exec-9] [org.mybatis.spring.SqlSessionUtils]-[DEBUG] Fetched SqlSession [org.apache.ibatis.session.defaults.DefaultSqlSession@2299bec4] from current transaction
2018-02-02 19:26:37,037 [http-bio-8081-exec-9] [com.taotao.mapper.TbItemCatMapper.selectByExample]-[DEBUG] ==>  Preparing: select id, parent_id, name, status, sort_order, is_parent, created, updated from tb_item_cat WHERE ( parent_id = ? ) 
2018-02-02 19:26:37,037 [http-bio-8081-exec-9] [com.taotao.mapper.TbItemCatMapper.selectByExample]-[DEBUG] ==> Parameters: 567(Long)
2018-02-02 19:26:37,038 [http-bio-8081-exec-9] [com.taotao.mapper.TbItemCatMapper.selectByExample]-[DEBUG] <==      Total: 12
2018-02-02 19:26:37,038 [http-bio-8081-exec-9] [org.mybatis.spring.SqlSessionUtils]-[DEBUG] Releasing transactional SqlSession [org.apache.ibatis.session.defaults.DefaultSqlSession@2299bec4]
2018-02-02 19:26:37,038 [http-bio-8081-exec-9] [org.mybatis.spring.SqlSessionUtils]-[DEBUG] Fetched SqlSession [org.apache.ibatis.session.defaults.DefaultSqlSession@2299bec4] from current transaction
2018-02-02 19:26:37,039 [http-bio-8081-exec-9] [com.taotao.mapper.TbItemCatMapper.selectByExample]-[DEBUG] ==>  Preparing: select id, parent_id, name, status, sort_order, is_parent, created, updated from tb_item_cat WHERE ( parent_id = ? ) 
2018-02-02 19:26:37,039 [http-bio-8081-exec-9] [com.taotao.mapper.TbItemCatMapper.selectByExample]-[DEBUG] ==> Parameters: 580(Long)
2018-02-02 19:26:37,040 [http-bio-8081-exec-9] [com.taotao.mapper.TbItemCatMapper.selectByExample]-[DEBUG] <==      Total: 5
2018-02-02 19:26:37,040 [http-bio-8081-exec-9] [org.mybatis.spring.SqlSessionUtils]-[DEBUG] Releasing transactional SqlSession [org.apache.ibatis.session.defaults.DefaultSqlSession@2299bec4]
2018-02-02 19:26:37,040 [http-bio-8081-exec-9] [org.mybatis.spring.SqlSessionUtils]-[DEBUG] Fetched SqlSession [org.apache.ibatis.session.defaults.DefaultSqlSession@2299bec4] from current transaction
2018-02-02 19:26:37,040 [http-bio-8081-exec-9] [com.taotao.mapper.TbItemCatMapper.selectByExample]-[DEBUG] ==>  Preparing: select id, parent_id, name, status, sort_order, is_parent, created, updated from tb_item_cat WHERE ( parent_id = ? ) 
2018-02-02 19:26:37,040 [http-bio-8081-exec-9] [com.taotao.mapper.TbItemCatMapper.selectByExample]-[DEBUG] ==> Parameters: 581(Long)
2018-02-02 19:26:37,042 [http-bio-8081-exec-9] [com.taotao.mapper.TbItemCatMapper.selectByExample]-[DEBUG] <==      Total: 9
2018-02-02 19:26:37,042 [http-bio-8081-exec-9] [org.mybatis.spring.SqlSessionUtils]-[DEBUG] Releasing transactional SqlSession [org.apache.ibatis.session.defaults.DefaultSqlSession@2299bec4]
2018-02-02 19:26:37,042 [http-bio-8081-exec-9] [org.mybatis.spring.SqlSessionUtils]-[DEBUG] Fetched SqlSession [org.apache.ibatis.session.defaults.DefaultSqlSession@2299bec4] from current transaction
2018-02-02 19:26:37,042 [http-bio-8081-exec-9] [com.taotao.mapper.TbItemCatMapper.selectByExample]-[DEBUG] ==>  Preparing: select id, parent_id, name, status, sort_order, is_parent, created, updated from tb_item_cat WHERE ( parent_id = ? ) 
2018-02-02 19:26:37,043 [http-bio-8081-exec-9] [com.taotao.mapper.TbItemCatMapper.selectByExample]-[DEBUG] ==> Parameters: 591(Long)
2018-02-02 19:26:37,044 [http-bio-8081-exec-9] [com.taotao.mapper.TbItemCatMapper.selectByExample]-[DEBUG] <==      Total: 12
2018-02-02 19:26:37,045 [http-bio-8081-exec-9] [org.mybatis.spring.SqlSessionUtils]-[DEBUG] Releasing transactional SqlSession [org.apache.ibatis.session.defaults.DefaultSqlSession@2299bec4]
2018-02-02 19:26:37,045 [http-bio-8081-exec-9] [org.mybatis.spring.SqlSessionUtils]-[DEBUG] Fetched SqlSession [org.apache.ibatis.session.defaults.DefaultSqlSession@2299bec4] from current transaction
2018-02-02 19:26:37,045 [http-bio-8081-exec-9] [com.taotao.mapper.TbItemCatMapper.selectByExample]-[DEBUG] ==>  Preparing: select id, parent_id, name, status, sort_order, is_parent, created, updated from tb_item_cat WHERE ( parent_id = ? ) 
2018-02-02 19:26:37,045 [http-bio-8081-exec-9] [com.taotao.mapper.TbItemCatMapper.selectByExample]-[DEBUG] ==> Parameters: 604(Long)
2018-02-02 19:26:37,048 [http-bio-8081-exec-9] [com.taotao.mapper.TbItemCatMapper.selectByExample]-[DEBUG] <==      Total: 9
2018-02-02 19:26:37,048 [http-bio-8081-exec-9] [org.mybatis.spring.SqlSessionUtils]-[DEBUG] Releasing transactional SqlSession [org.apache.ibatis.session.defaults.DefaultSqlSession@2299bec4]
2018-02-02 19:26:37,048 [http-bio-8081-exec-9] [org.mybatis.spring.SqlSessionUtils]-[DEBUG] Fetched SqlSession [org.apache.ibatis.session.defaults.DefaultSqlSession@2299bec4] from current transaction
2018-02-02 19:26:37,048 [http-bio-8081-exec-9] [com.taotao.mapper.TbItemCatMapper.selectByExample]-[DEBUG] ==>  Preparing: select id, parent_id, name, status, sort_order, is_parent, created, updated from tb_item_cat WHERE ( parent_id = ? ) 
2018-02-02 19:26:37,049 [http-bio-8081-exec-9] [com.taotao.mapper.TbItemCatMapper.selectByExample]-[DEBUG] ==> Parameters: 614(Long)
2018-02-02 19:26:37,050 [http-bio-8081-exec-9] [com.taotao.mapper.TbItemCatMapper.selectByExample]-[DEBUG] <==      Total: 10
2018-02-02 19:26:37,050 [http-bio-8081-exec-9] [org.mybatis.spring.SqlSessionUtils]-[DEBUG] Releasing transactional SqlSession [org.apache.ibatis.session.defaults.DefaultSqlSession@2299bec4]
2018-02-02 19:26:37,050 [http-bio-8081-exec-9] [org.mybatis.spring.SqlSessionUtils]-[DEBUG] Fetched SqlSession [org.apache.ibatis.session.defaults.DefaultSqlSession@2299bec4] from current transaction
2018-02-02 19:26:37,051 [http-bio-8081-exec-9] [com.taotao.mapper.TbItemCatMapper.selectByExample]-[DEBUG] ==>  Preparing: select id, parent_id, name, status, sort_order, is_parent, created, updated from tb_item_cat WHERE ( parent_id = ? ) 
2018-02-02 19:26:37,052 [http-bio-8081-exec-9] [com.taotao.mapper.TbItemCatMapper.selectByExample]-[DEBUG] ==> Parameters: 625(Long)
2018-02-02 19:26:37,056 [http-bio-8081-exec-9] [com.taotao.mapper.TbItemCatMapper.selectByExample]-[DEBUG] <==      Total: 7
2018-02-02 19:26:37,057 [http-bio-8081-exec-9] [org.mybatis.spring.SqlSessionUtils]-[DEBUG] Releasing transactional SqlSession [org.apache.ibatis.session.defaults.DefaultSqlSession@2299bec4]
2018-02-02 19:26:37,057 [http-bio-8081-exec-9] [org.mybatis.spring.SqlSessionUtils]-[DEBUG] Fetched SqlSession [org.apache.ibatis.session.defaults.DefaultSqlSession@2299bec4] from current transaction
2018-02-02 19:26:37,057 [http-bio-8081-exec-9] [com.taotao.mapper.TbItemCatMapper.selectByExample]-[DEBUG] ==>  Preparing: select id, parent_id, name, status, sort_order, is_parent, created, updated from tb_item_cat WHERE ( parent_id = ? ) 
2018-02-02 19:26:37,058 [http-bio-8081-exec-9] [com.taotao.mapper.TbItemCatMapper.selectByExample]-[DEBUG] ==> Parameters: 633(Long)
2018-02-02 19:26:37,059 [http-bio-8081-exec-9] [com.taotao.mapper.TbItemCatMapper.selectByExample]-[DEBUG] <==      Total: 6
2018-02-02 19:26:37,059 [http-bio-8081-exec-9] [org.mybatis.spring.SqlSessionUtils]-[DEBUG] Releasing transactional SqlSession [org.apache.ibatis.session.defaults.DefaultSqlSession@2299bec4]
2018-02-02 19:26:37,059 [http-bio-8081-exec-9] [org.mybatis.spring.SqlSessionUtils]-[DEBUG] Fetched SqlSession [org.apache.ibatis.session.defaults.DefaultSqlSession@2299bec4] from current transaction
2018-02-02 19:26:37,059 [http-bio-8081-exec-9] [com.taotao.mapper.TbItemCatMapper.selectByExample]-[DEBUG] ==>  Preparing: select id, parent_id, name, status, sort_order, is_parent, created, updated from tb_item_cat WHERE ( parent_id = ? ) 
2018-02-02 19:26:37,059 [http-bio-8081-exec-9] [com.taotao.mapper.TbItemCatMapper.selectByExample]-[DEBUG] ==> Parameters: 634(Long)
2018-02-02 19:26:37,076 [http-bio-8081-exec-9] [com.taotao.mapper.TbItemCatMapper.selectByExample]-[DEBUG] <==      Total: 13
2018-02-02 19:26:37,076 [http-bio-8081-exec-9] [org.mybatis.spring.SqlSessionUtils]-[DEBUG] Releasing transactional SqlSession [org.apache.ibatis.session.defaults.DefaultSqlSession@2299bec4]
2018-02-02 19:26:37,076 [http-bio-8081-exec-9] [org.mybatis.spring.SqlSessionUtils]-[DEBUG] Fetched SqlSession [org.apache.ibatis.session.defaults.DefaultSqlSession@2299bec4] from current transaction
2018-02-02 19:26:37,077 [http-bio-8081-exec-9] [com.taotao.mapper.TbItemCatMapper.selectByExample]-[DEBUG] ==>  Preparing: select id, parent_id, name, status, sort_order, is_parent, created, updated from tb_item_cat WHERE ( parent_id = ? ) 
2018-02-02 19:26:37,077 [http-bio-8081-exec-9] [com.taotao.mapper.TbItemCatMapper.selectByExample]-[DEBUG] ==> Parameters: 648(Long)
2018-02-02 19:26:37,078 [http-bio-8081-exec-9] [com.taotao.mapper.TbItemCatMapper.selectByExample]-[DEBUG] <==      Total: 11
2018-02-02 19:26:37,079 [http-bio-8081-exec-9] [org.mybatis.spring.SqlSessionUtils]-[DEBUG] Releasing transactional SqlSession [org.apache.ibatis.session.defaults.DefaultSqlSession@2299bec4]
2018-02-02 19:26:37,079 [http-bio-8081-exec-9] [org.mybatis.spring.SqlSessionUtils]-[DEBUG] Fetched SqlSession [org.apache.ibatis.session.defaults.DefaultSqlSession@2299bec4] from current transaction
2018-02-02 19:26:37,079 [http-bio-8081-exec-9] [com.taotao.mapper.TbItemCatMapper.selectByExample]-[DEBUG] ==>  Preparing: select id, parent_id, name, status, sort_order, is_parent, created, updated from tb_item_cat WHERE ( parent_id = ? ) 
2018-02-02 19:26:37,079 [http-bio-8081-exec-9] [com.taotao.mapper.TbItemCatMapper.selectByExample]-[DEBUG] ==> Parameters: 660(Long)
2018-02-02 19:26:37,081 [http-bio-8081-exec-9] [com.taotao.mapper.TbItemCatMapper.selectByExample]-[DEBUG] <==      Total: 6
2018-02-02 19:26:37,081 [http-bio-8081-exec-9] [org.mybatis.spring.SqlSessionUtils]-[DEBUG] Releasing transactional SqlSession [org.apache.ibatis.session.defaults.DefaultSqlSession@2299bec4]
2018-02-02 19:26:37,082 [http-bio-8081-exec-9] [org.mybatis.spring.SqlSessionUtils]-[DEBUG] Fetched SqlSession [org.apache.ibatis.session.defaults.DefaultSqlSession@2299bec4] from current transaction
2018-02-02 19:26:37,082 [http-bio-8081-exec-9] [com.taotao.mapper.TbItemCatMapper.selectByExample]-[DEBUG] ==>  Preparing: select id, parent_id, name, status, sort_order, is_parent, created, updated from tb_item_cat WHERE ( parent_id = ? ) 
2018-02-02 19:26:37,082 [http-bio-8081-exec-9] [com.taotao.mapper.TbItemCatMapper.selectByExample]-[DEBUG] ==> Parameters: 667(Long)
2018-02-02 19:26:37,085 [http-bio-8081-exec-9] [com.taotao.mapper.TbItemCatMapper.selectByExample]-[DEBUG] <==      Total: 15
2018-02-02 19:26:37,085 [http-bio-8081-exec-9] [org.mybatis.spring.SqlSessionUtils]-[DEBUG] Releasing transactional SqlSession [org.apache.ibatis.session.defaults.DefaultSqlSession@2299bec4]
2018-02-02 19:26:37,085 [http-bio-8081-exec-9] [org.mybatis.spring.SqlSessionUtils]-[DEBUG] Fetched SqlSession [org.apache.ibatis.session.defaults.DefaultSqlSession@2299bec4] from current transaction
2018-02-02 19:26:37,086 [http-bio-8081-exec-9] [com.taotao.mapper.TbItemCatMapper.selectByExample]-[DEBUG] ==>  Preparing: select id, parent_id, name, status, sort_order, is_parent, created, updated from tb_item_cat WHERE ( parent_id = ? ) 
2018-02-02 19:26:37,086 [http-bio-8081-exec-9] [com.taotao.mapper.TbItemCatMapper.selectByExample]-[DEBUG] ==> Parameters: 683(Long)
2018-02-02 19:26:37,088 [http-bio-8081-exec-9] [com.taotao.mapper.TbItemCatMapper.selectByExample]-[DEBUG] <==      Total: 7
2018-02-02 19:26:37,088 [http-bio-8081-exec-9] [org.mybatis.spring.SqlSessionUtils]-[DEBUG] Releasing transactional SqlSession [org.apache.ibatis.session.defaults.DefaultSqlSession@2299bec4]
2018-02-02 19:26:37,088 [http-bio-8081-exec-9] [org.mybatis.spring.SqlSessionUtils]-[DEBUG] Fetched SqlSession [org.apache.ibatis.session.defaults.DefaultSqlSession@2299bec4] from current transaction
2018-02-02 19:26:37,089 [http-bio-8081-exec-9] [com.taotao.mapper.TbItemCatMapper.selectByExample]-[DEBUG] ==>  Preparing: select id, parent_id, name, status, sort_order, is_parent, created, updated from tb_item_cat WHERE ( parent_id = ? ) 
2018-02-02 19:26:37,089 [http-bio-8081-exec-9] [com.taotao.mapper.TbItemCatMapper.selectByExample]-[DEBUG] ==> Parameters: 691(Long)
2018-02-02 19:26:37,091 [http-bio-8081-exec-9] [com.taotao.mapper.TbItemCatMapper.selectByExample]-[DEBUG] <==      Total: 7
2018-02-02 19:26:37,091 [http-bio-8081-exec-9] [org.mybatis.spring.SqlSessionUtils]-[DEBUG] Releasing transactional SqlSession [org.apache.ibatis.session.defaults.DefaultSqlSession@2299bec4]
2018-02-02 19:26:37,091 [http-bio-8081-exec-9] [org.mybatis.spring.SqlSessionUtils]-[DEBUG] Fetched SqlSession [org.apache.ibatis.session.defaults.DefaultSqlSession@2299bec4] from current transaction
2018-02-02 19:26:37,092 [http-bio-8081-exec-9] [com.taotao.mapper.TbItemCatMapper.selectByExample]-[DEBUG] ==>  Preparing: select id, parent_id, name, status, sort_order, is_parent, created, updated from tb_item_cat WHERE ( parent_id = ? ) 
2018-02-02 19:26:37,092 [http-bio-8081-exec-9] [com.taotao.mapper.TbItemCatMapper.selectByExample]-[DEBUG] ==> Parameters: 699(Long)
2018-02-02 19:26:37,094 [http-bio-8081-exec-9] [com.taotao.mapper.TbItemCatMapper.selectByExample]-[DEBUG] <==      Total: 6
2018-02-02 19:26:37,094 [http-bio-8081-exec-9] [org.mybatis.spring.SqlSessionUtils]-[DEBUG] Releasing transactional SqlSession [org.apache.ibatis.session.defaults.DefaultSqlSession@2299bec4]
2018-02-02 19:26:37,095 [http-bio-8081-exec-9] [org.mybatis.spring.SqlSessionUtils]-[DEBUG] Fetched SqlSession [org.apache.ibatis.session.defaults.DefaultSqlSession@2299bec4] from current transaction
2018-02-02 19:26:37,095 [http-bio-8081-exec-9] [com.taotao.mapper.TbItemCatMapper.selectByExample]-[DEBUG] ==>  Preparing: select id, parent_id, name, status, sort_order, is_parent, created, updated from tb_item_cat WHERE ( parent_id = ? ) 
2018-02-02 19:26:37,095 [http-bio-8081-exec-9] [com.taotao.mapper.TbItemCatMapper.selectByExample]-[DEBUG] ==> Parameters: 700(Long)
2018-02-02 19:26:37,097 [http-bio-8081-exec-9] [com.taotao.mapper.TbItemCatMapper.selectByExample]-[DEBUG] <==      Total: 10
2018-02-02 19:26:37,097 [http-bio-8081-exec-9] [org.mybatis.spring.SqlSessionUtils]-[DEBUG] Releasing transactional SqlSession [org.apache.ibatis.session.defaults.DefaultSqlSession@2299bec4]
2018-02-02 19:26:37,098 [http-bio-8081-exec-9] [org.mybatis.spring.SqlSessionUtils]-[DEBUG] Fetched SqlSession [org.apache.ibatis.session.defaults.DefaultSqlSession@2299bec4] from current transaction
2018-02-02 19:26:37,099 [http-bio-8081-exec-9] [com.taotao.mapper.TbItemCatMapper.selectByExample]-[DEBUG] ==>  Preparing: select id, parent_id, name, status, sort_order, is_parent, created, updated from tb_item_cat WHERE ( parent_id = ? ) 
2018-02-02 19:26:37,100 [http-bio-8081-exec-9] [com.taotao.mapper.TbItemCatMapper.selectByExample]-[DEBUG] ==> Parameters: 711(Long)
2018-02-02 19:26:37,101 [http-bio-8081-exec-9] [com.taotao.mapper.TbItemCatMapper.selectByExample]-[DEBUG] <==      Total: 6
2018-02-02 19:26:37,102 [http-bio-8081-exec-9] [org.mybatis.spring.SqlSessionUtils]-[DEBUG] Releasing transactional SqlSession [org.apache.ibatis.session.defaults.DefaultSqlSession@2299bec4]
2018-02-02 19:26:37,102 [http-bio-8081-exec-9] [org.mybatis.spring.SqlSessionUtils]-[DEBUG] Fetched SqlSession [org.apache.ibatis.session.defaults.DefaultSqlSession@2299bec4] from current transaction
2018-02-02 19:26:37,102 [http-bio-8081-exec-9] [com.taotao.mapper.TbItemCatMapper.selectByExample]-[DEBUG] ==>  Preparing: select id, parent_id, name, status, sort_order, is_parent, created, updated from tb_item_cat WHERE ( parent_id = ? ) 
2018-02-02 19:26:37,102 [http-bio-8081-exec-9] [com.taotao.mapper.TbItemCatMapper.selectByExample]-[DEBUG] ==> Parameters: 718(Long)
2018-02-02 19:26:37,104 [http-bio-8081-exec-9] [com.taotao.mapper.TbItemCatMapper.selectByExample]-[DEBUG] <==      Total: 5
2018-02-02 19:26:37,105 [http-bio-8081-exec-9] [org.mybatis.spring.SqlSessionUtils]-[DEBUG] Releasing transactional SqlSession [org.apache.ibatis.session.defaults.DefaultSqlSession@2299bec4]
2018-02-02 19:26:37,105 [http-bio-8081-exec-9] [org.mybatis.spring.SqlSessionUtils]-[DEBUG] Fetched SqlSession [org.apache.ibatis.session.defaults.DefaultSqlSession@2299bec4] from current transaction
2018-02-02 19:26:37,105 [http-bio-8081-exec-9] [com.taotao.mapper.TbItemCatMapper.selectByExample]-[DEBUG] ==>  Preparing: select id, parent_id, name, status, sort_order, is_parent, created, updated from tb_item_cat WHERE ( parent_id = ? ) 
2018-02-02 19:26:37,105 [http-bio-8081-exec-9] [com.taotao.mapper.TbItemCatMapper.selectByExample]-[DEBUG] ==> Parameters: 724(Long)
2018-02-02 19:26:37,106 [http-bio-8081-exec-9] [com.taotao.mapper.TbItemCatMapper.selectByExample]-[DEBUG] <==      Total: 8
2018-02-02 19:26:37,106 [http-bio-8081-exec-9] [org.mybatis.spring.SqlSessionUtils]-[DEBUG] Releasing transactional SqlSession [org.apache.ibatis.session.defaults.DefaultSqlSession@2299bec4]
2018-02-02 19:26:37,107 [http-bio-8081-exec-9] [org.mybatis.spring.SqlSessionUtils]-[DEBUG] Fetched SqlSession [org.apache.ibatis.session.defaults.DefaultSqlSession@2299bec4] from current transaction
2018-02-02 19:26:37,107 [http-bio-8081-exec-9] [com.taotao.mapper.TbItemCatMapper.selectByExample]-[DEBUG] ==>  Preparing: select id, parent_id, name, status, sort_order, is_parent, created, updated from tb_item_cat WHERE ( parent_id = ? ) 
2018-02-02 19:26:37,107 [http-bio-8081-exec-9] [com.taotao.mapper.TbItemCatMapper.selectByExample]-[DEBUG] ==> Parameters: 733(Long)
2018-02-02 19:26:37,109 [http-bio-8081-exec-9] [com.taotao.mapper.TbItemCatMapper.selectByExample]-[DEBUG] <==      Total: 5
2018-02-02 19:26:37,109 [http-bio-8081-exec-9] [org.mybatis.spring.SqlSessionUtils]-[DEBUG] Releasing transactional SqlSession [org.apache.ibatis.session.defaults.DefaultSqlSession@2299bec4]
2018-02-02 19:26:37,109 [http-bio-8081-exec-9] [org.mybatis.spring.SqlSessionUtils]-[DEBUG] Fetched SqlSession [org.apache.ibatis.session.defaults.DefaultSqlSession@2299bec4] from current transaction
2018-02-02 19:26:37,110 [http-bio-8081-exec-9] [com.taotao.mapper.TbItemCatMapper.selectByExample]-[DEBUG] ==>  Preparing: select id, parent_id, name, status, sort_order, is_parent, created, updated from tb_item_cat WHERE ( parent_id = ? ) 
2018-02-02 19:26:37,110 [http-bio-8081-exec-9] [com.taotao.mapper.TbItemCatMapper.selectByExample]-[DEBUG] ==> Parameters: 739(Long)
2018-02-02 19:26:37,111 [http-bio-8081-exec-9] [com.taotao.mapper.TbItemCatMapper.selectByExample]-[DEBUG] <==      Total: 9
2018-02-02 19:26:37,111 [http-bio-8081-exec-9] [org.mybatis.spring.SqlSessionUtils]-[DEBUG] Releasing transactional SqlSession [org.apache.ibatis.session.defaults.DefaultSqlSession@2299bec4]
2018-02-02 19:26:37,111 [http-bio-8081-exec-9] [org.mybatis.spring.SqlSessionUtils]-[DEBUG] Fetched SqlSession [org.apache.ibatis.session.defaults.DefaultSqlSession@2299bec4] from current transaction
2018-02-02 19:26:37,111 [http-bio-8081-exec-9] [com.taotao.mapper.TbItemCatMapper.selectByExample]-[DEBUG] ==>  Preparing: select id, parent_id, name, status, sort_order, is_parent, created, updated from tb_item_cat WHERE ( parent_id = ? ) 
2018-02-02 19:26:37,112 [http-bio-8081-exec-9] [com.taotao.mapper.TbItemCatMapper.selectByExample]-[DEBUG] ==> Parameters: 749(Long)
2018-02-02 19:26:37,116 [http-bio-8081-exec-9] [com.taotao.mapper.TbItemCatMapper.selectByExample]-[DEBUG] <==      Total: 4
2018-02-02 19:26:37,116 [http-bio-8081-exec-9] [org.mybatis.spring.SqlSessionUtils]-[DEBUG] Releasing transactional SqlSession [org.apache.ibatis.session.defaults.DefaultSqlSession@2299bec4]
2018-02-02 19:26:37,116 [http-bio-8081-exec-9] [org.mybatis.spring.SqlSessionUtils]-[DEBUG] Fetched SqlSession [org.apache.ibatis.session.defaults.DefaultSqlSession@2299bec4] from current transaction
2018-02-02 19:26:37,116 [http-bio-8081-exec-9] [com.taotao.mapper.TbItemCatMapper.selectByExample]-[DEBUG] ==>  Preparing: select id, parent_id, name, status, sort_order, is_parent, created, updated from tb_item_cat WHERE ( parent_id = ? ) 
2018-02-02 19:26:37,116 [http-bio-8081-exec-9] [com.taotao.mapper.TbItemCatMapper.selectByExample]-[DEBUG] ==> Parameters: 750(Long)
2018-02-02 19:26:37,118 [http-bio-8081-exec-9] [com.taotao.mapper.TbItemCatMapper.selectByExample]-[DEBUG] <==      Total: 33
2018-02-02 19:26:37,119 [http-bio-8081-exec-9] [org.mybatis.spring.SqlSessionUtils]-[DEBUG] Releasing transactional SqlSession [org.apache.ibatis.session.defaults.DefaultSqlSession@2299bec4]
2018-02-02 19:26:37,119 [http-bio-8081-exec-9] [org.mybatis.spring.SqlSessionUtils]-[DEBUG] Fetched SqlSession [org.apache.ibatis.session.defaults.DefaultSqlSession@2299bec4] from current transaction
2018-02-02 19:26:37,119 [http-bio-8081-exec-9] [com.taotao.mapper.TbItemCatMapper.selectByExample]-[DEBUG] ==>  Preparing: select id, parent_id, name, status, sort_order, is_parent, created, updated from tb_item_cat WHERE ( parent_id = ? ) 
2018-02-02 19:26:37,119 [http-bio-8081-exec-9] [com.taotao.mapper.TbItemCatMapper.selectByExample]-[DEBUG] ==> Parameters: 784(Long)
2018-02-02 19:26:37,121 [http-bio-8081-exec-9] [com.taotao.mapper.TbItemCatMapper.selectByExample]-[DEBUG] <==      Total: 28
2018-02-02 19:26:37,122 [http-bio-8081-exec-9] [org.mybatis.spring.SqlSessionUtils]-[DEBUG] Releasing transactional SqlSession [org.apache.ibatis.session.defaults.DefaultSqlSession@2299bec4]
2018-02-02 19:26:37,122 [http-bio-8081-exec-9] [org.mybatis.spring.SqlSessionUtils]-[DEBUG] Fetched SqlSession [org.apache.ibatis.session.defaults.DefaultSqlSession@2299bec4] from current transaction
2018-02-02 19:26:37,122 [http-bio-8081-exec-9] [com.taotao.mapper.TbItemCatMapper.selectByExample]-[DEBUG] ==>  Preparing: select id, parent_id, name, status, sort_order, is_parent, created, updated from tb_item_cat WHERE ( parent_id = ? ) 
2018-02-02 19:26:37,123 [http-bio-8081-exec-9] [com.taotao.mapper.TbItemCatMapper.selectByExample]-[DEBUG] ==> Parameters: 813(Long)
2018-02-02 19:26:37,124 [http-bio-8081-exec-9] [com.taotao.mapper.TbItemCatMapper.selectByExample]-[DEBUG] <==      Total: 22
2018-02-02 19:26:37,124 [http-bio-8081-exec-9] [org.mybatis.spring.SqlSessionUtils]-[DEBUG] Releasing transactional SqlSession [org.apache.ibatis.session.defaults.DefaultSqlSession@2299bec4]
2018-02-02 19:26:37,124 [http-bio-8081-exec-9] [org.mybatis.spring.SqlSessionUtils]-[DEBUG] Fetched SqlSession [org.apache.ibatis.session.defaults.DefaultSqlSession@2299bec4] from current transaction
2018-02-02 19:26:37,124 [http-bio-8081-exec-9] [com.taotao.mapper.TbItemCatMapper.selectByExample]-[DEBUG] ==>  Preparing: select id, parent_id, name, status, sort_order, is_parent, created, updated from tb_item_cat WHERE ( parent_id = ? ) 
2018-02-02 19:26:37,125 [http-bio-8081-exec-9] [com.taotao.mapper.TbItemCatMapper.selectByExample]-[DEBUG] ==> Parameters: 836(Long)
2018-02-02 19:26:37,126 [http-bio-8081-exec-9] [com.taotao.mapper.TbItemCatMapper.selectByExample]-[DEBUG] <==      Total: 28
2018-02-02 19:26:37,126 [http-bio-8081-exec-9] [org.mybatis.spring.SqlSessionUtils]-[DEBUG] Releasing transactional SqlSession [org.apache.ibatis.session.defaults.DefaultSqlSession@2299bec4]
2018-02-02 19:26:37,127 [http-bio-8081-exec-9] [org.mybatis.spring.SqlSessionUtils]-[DEBUG] Transaction synchronization deregistering SqlSession [org.apache.ibatis.session.defaults.DefaultSqlSession@2299bec4]
2018-02-02 19:26:37,127 [http-bio-8081-exec-9] [org.mybatis.spring.SqlSessionUtils]-[DEBUG] Transaction synchronization closing SqlSession [org.apache.ibatis.session.defaults.DefaultSqlSession@2299bec4]
2018-02-02 19:26:37,127 [http-bio-8081-exec-9] [org.springframework.jdbc.datasource.DataSourceUtils]-[DEBUG] Returning JDBC Connection to DataSource
2018-02-02 19:26:37,129 [http-bio-8081-exec-9] [org.springframework.web.servlet.mvc.method.annotation.RequestResponseBodyMethodProcessor]-[DEBUG] Written [org.springframework.http.converter.json.MappingJacksonValue@3880bdce] as "application/json" using [org.springframework.http.converter.json.MappingJackson2HttpMessageConverter@1641d188]
2018-02-02 19:26:37,130 [http-bio-8081-exec-9] [org.springframework.web.servlet.DispatcherServlet]-[DEBUG] Null ModelAndView returned to DispatcherServlet with name 'taotao-rest': assuming HandlerAdapter completed request handling
2018-02-02 19:26:37,130 [http-bio-8081-exec-9] [org.springframework.web.servlet.DispatcherServlet]-[DEBUG] Successfully completed request
